G:\Projects\Caotoc_Saigon-Trungluong\Hoso_TK\TKKT\A. 4.5\HThong_Thoatnuoc\BD_Cong Km27+720.dwg,A3,12/13/2004 9:53:00 AM,Ngoc Linh,\\Vanle\HP LaserJet 5100 PCL 6,A3,1:1,
G:\Projects\Caotoc_Saigon-Trungluong\Hoso_TK\TKKT\A. 4.5\HThong_Thoatnuoc\BTC_Daucong.dwg,BTC,12/13/2004 10:30:49 AM,Ngoc Linh,\\Vanle\HP LaserJet 5100 PCL 6,A3,1:1,
G:\Projects\Caotoc_Saigon-Trungluong\Hoso_TK\TKKT\A. 4.5\HThong_Thoatnuoc\BD_Cong Km27+720.dwg,A3,12/13/2004 4:53:37 PM,Ngoc Linh,\\Vanle\HP LaserJet 5100 PCL 6,A3,1:1,
G:\Projects\Caotoc_Saigon-Trungluong\Hoso_TK\TKKT\A. 4.5\HThong_Thoatnuoc\BD_Cong Km27+720-1.dwg,A3,12/13/2004 5:10:17 PM,Ngoc Linh,\\Vanle\HP LaserJet 5100 PCL 6,A3,1:1,
G:\Projects\Caotoc_Saigon-Trungluong\Hoso_TK\TKKT\A. 4.5\HThong_Thoatnuoc\BTC_Cong Km27+720-1.dwg,THKL,12/13/2004 5:33:16 PM,Ngoc Linh,\\Vanle\HP LaserJet 5100 PCL 6,A3,1:1,
\\Nguyenkhachao\Caotoc SG-TL (TKKT)\DA SUA\baocao\TD-PA2-2.dwg,5000,12/16/2004 10:33:31 AM,Ngoc Linh,\\Vanle\HP LaserJet 5100 PCL 6,A3,1:1,
G:\Projects\Caotoc_Saigon-Trungluong\Hoso_TK\TKKT\A. 4.5\HThong_Thoatnuoc\BD_Cong Km27+650.dwg,A3,12/16/2004 5:17:11 PM,Ngoc Linh,\\Vanle\HP LaserJet 5100 PCL 6,A3,1:1,
G:\Projects\Caotoc_Saigon-Trungluong\Hoso_TK\TKKT\A. 4.5\HThong_Thoatnuoc\BD_Cong Km27+650.dwg,A3,12/18/2004 1:38:54 PM,Ngoc Linh,\\Vanle\HP LaserJet 5100 PCL 6,A3,1:1,
G:\Projects\Caotoc_Saigon-Trungluong\Hoso_TK\TKKT\A. 4.5\HThong_Thoatnuoc\BD_Cong Km27+650.dwg,A3,12/18/2004 1:45:05 PM,Ngoc Linh,\\Vanle\HP LaserJet 5100 PCL 6,A3,1:1,
G:\Projects\Caotoc_Saigon-Trungluong\Hoso_TK\TKKT\A. 4.5\HThong_Thoatnuoc\BD_Cong Km27+650.dwg,A3,12/21/2004 4:36:04 PM,Ngoc Linh,\\Vanle\HP LaserJet 5100 PCL 6,A3,1:1,
G:\Projects\Caotoc_Saigon-Trungluong\Hoso_TK\TKKT\A. 4.5\HThong_Thoatnuoc\BTC_Cong Km27+650.dwg,BTC,12/21/2004 4:38:05 PM,Ngoc Linh,HP DesignJet 800 42 by HP.pc3,Custom 5: 840 x 315 mm. (landscape),1:1,
G:\Projects\Caotoc_Saigon-Trungluong\Hoso_TK\TKKT\A. 4.5\HThong_Thoatnuoc\BTC_Daucong.dwg,BTC,12/21/2004 4:39:37 PM,Ngoc Linh,\\Vanle\HP LaserJet 5100 PCL 6,A3,1:1,
G:\Projects\Caotoc_Saigon-Trungluong\Hoso_TK\TKKT\A. 4.5\HThong_Thoatnuoc\Ongcong2000, l=3m.dwg,Layout1,12/21/2004 4:40:23 PM,Ngoc Linh,\\Vanle\HP LaserJet 5100 PCL 6,A3,1:1,
G:\Projects\Caotoc_Saigon-Trungluong\Hoso_TK\TKKT\A. 4.5\HThong_Thoatnuoc\Mongcong2000.dwg,MC-MN,12/21/2004 4:41:02 PM,Ngoc Linh,\\Vanle\HP LaserJet 5100 PCL 6,A3,1:1,
G:\Projects\Caotoc_Saigon-Trungluong\Hoso_TK\TKKT\A. 4.5\HThong_Thoatnuoc\Mongcong2000.dwg,2.0m_0.85m,12/21/2004 4:41:26 PM,Ngoc Linh,\\Vanle\HP LaserJet 5100 PCL 6,A3,1:1,
G:\Projects\Caotoc_Saigon-Trungluong\Hoso_TK\TKKT\A. 4.5\HThong_Thoatnuoc\BTC_Cong Km27+650.dwg,Layout2,12/21/2004 4:42:29 PM,Ngoc Linh,\\Vanle\HP LaserJet 5100 PCL 6,A3,1:1,
G:\Projects\Caotoc_Saigon-Trungluong\Hoso_TK\TKKT\A. 6.3\HThong_Thoatnuoc\BTC_Cong Km41+509.5(xien).dwg,BTC,12/21/2004 4:43:48 PM,Ngoc Linh,HP DesignJet 800 42 by HP.pc3,Custom 5: 840 x 315 mm. (landscape),1:1,
G:\Projects\Caotoc_Saigon-Trungluong\Hoso_TK\TKKT\A. 6.3\HThong_Thoatnuoc\BD_Cong Km41+480.dwg,Layout1,12/21/2004 4:48:02 PM,Ngoc Linh,\\Vanle\HP LaserJet 5100 PCL 6,A3,1:1,
G:\Projects\Caotoc_Saigon-Trungluong\Hoso_TK\TKKT\A. 4.5\HThong_Thoatnuoc\BD_Cong Km27+650.dwg,A3,12/21/2004 4:52:12 PM,Ngoc Linh,\\Vanle\HP LaserJet 5100 PCL 6,A3,1:1,
G:\Projects\Caotoc_Saigon-Trungluong\Hoso_TK\TKKT\A. 4.5\HThong_Thoatnuoc\BTC_Cong Km27+650.dwg,BTC,12/21/2004 4:52:52 PM,Ngoc Linh,HP DesignJet 800 42 by HP.pc3,Custom 5: 840 x 315 mm. (landscape),1:1,
G:\Projects\Caotoc_Saigon-Trungluong\Hoso_TK\TKKT\A. 4.5\HThong_Thoatnuoc\BTC_Cong Km27+650.dwg,Layout2,12/21/2004 4:53:07 PM,Ngoc Linh,\\Vanle\HP LaserJet 5100 PCL 6,A3,1:1,
G:\Projects\Caotoc_Saigon-Trungluong\Hoso_TK\TKKT\A. 4.5\HThong_Thoatnuoc\BTC_Daucong.dwg,BTC,12/21/2004 4:53:28 PM,Ngoc Linh,\\Vanle\HP LaserJet 5100 PCL 6,A3,1:1,
G:\Projects\Caotoc_Saigon-Trungluong\Hoso_TK\TKKT\A. 4.5\HThong_Thoatnuoc\Ongcong2000, l=3m.dwg,Layout1,12/21/2004 4:54:39 PM,Ngoc Linh,\\Vanle\HP LaserJet 5100 PCL 6,A3,1:1,
G:\Projects\Caotoc_Saigon-Trungluong\Hoso_TK\TKKT\A. 4.5\HThong_Thoatnuoc\Mongcong2000.dwg,MC-MN,12/21/2004 4:55:27 PM,Ngoc Linh,\\Vanle\HP LaserJet 5100 PCL 6,A3,1:1,
G:\Projects\Caotoc_Saigon-Trungluong\Hoso_TK\TKKT\A. 4.5\HThong_Thoatnuoc\Mongcong2000.dwg,2.0m_0.85m,12/21/2004 4:55:30 PM,Ngoc Linh,\\Vanle\HP LaserJet 5100 PCL 6,A3,1:1,
G:\Projects\Caotoc_Saigon-Trungluong\Hoso_TK\TKKT\A. 6.3\HThong_Thoatnuoc\BD_Cong Km41+480.dwg,Layout1,12/21/2004 4:56:14 PM,Ngoc Linh,\\Vanle\HP LaserJet 5100 PCL 6,A3,1:1,
G:\Projects\Caotoc_Saigon-Trungluong\Hoso_TK\TKKT\A. 6.3\HThong_Thoatnuoc\BTC_Cong Km41+509.5(xien).dwg,BTC,12/21/2004 4:56:45 PM,Ngoc Linh,HP DesignJet 800 42 by HP.pc3,Custom 5: 840 x 315 mm. (landscape),1:1,
G:\Projects\Caotoc_Saigon-Trungluong\Hoso_TK\TKKT\A. 6.3\HThong_Thoatnuoc\BTC_Daucong Km41+509.5.dwg,BTC,12/21/2004 4:57:22 PM,Ngoc Linh,\\Vanle\HP LaserJet 5100 PCL 6,A3,1:1,
G:\Projects\Caotoc_Saigon-Trungluong\Hoso_TK\TKKT\A. 6.3\HThong_Thoatnuoc\Ongcong2000, l=3m.dwg,Layout1,12/21/2004 4:58:16 PM,Ngoc Linh,\\Vanle\HP LaserJet 5100 PCL 6,A3,1:1,
G:\Projects\Caotoc_Saigon-Trungluong\Hoso_TK\TKKT\A. 6.3\HThong_Thoatnuoc\Mongcong2000.dwg,MC-MN,12/21/2004 4:58:50 PM,Ngoc Linh,\\Vanle\HP LaserJet 5100 PCL 6,A3,1:1,
G:\Projects\Caotoc_Saigon-Trungluong\Hoso_TK\TKKT\A. 6.3\HThong_Thoatnuoc\Mongcong2000.dwg,2.0m_0.85m,12/21/2004 4:58:54 PM,Ngoc Linh,\\Vanle\HP LaserJet 5100 PCL 6,A3,1:1,
G:\Projects\Caotoc_Saigon-Trungluong\Hoso_TK\TKKT\A. 6.3\HThong_Thoatnuoc\BTC_Cong Km41+509.5(xien).dwg,THKL,12/21/2004 4:59:30 PM,Ngoc Linh,\\Vanle\HP LaserJet 5100 PCL 6,A3,1:1,
G:\Projects\Caotoc_Saigon-Trungluong\Hoso_TK\TKKT\A. 6.3\HThong_Thoatnuoc\Mongcong2000.dwg,2.0m_0.85m,12/21/2004 5:04:51 PM,Ngoc Linh,\\Vanle\HP LaserJet 5100 PCL 6,A3,1:1,
G:\Projects\Caotoc_Saigon-Trungluong\Hoso_TK\TKKT\A. 4.5\HThong_Thoatnuoc\Mongcong2000.dwg,2.0m_0.85m,12/21/2004 5:11:08 PM,Ngoc Linh,\\Vanle\HP LaserJet 5100 PCL 6,A3,1:1,
G:\Projects\Caotoc_Saigon-Trungluong\Hoso_TK\TKKT\A. 6.3\HThong_Thoatnuoc\Mongcong2000.dwg,2.0m_0.85m,12/21/2004 5:11:44 PM,Ngoc Linh,\\Vanle\HP LaserJet 5100 PCL 6,A3,1:1,
G:\Projects\Caotoc_Saigon-Trungluong\Hoso_TK\TKKT\HM4-22\HThong_Thoatnuoc\Mongcong2000.dwg,MC-MN,12/25/2004 10:42:01 AM,Ngoc Linh,\\Vanle\HP LaserJet 5100 PCL 6,A3,1:1,
G:\Projects\Caotoc_Saigon-Trungluong\Hoso_TK\TKKT\HM7-41\BTC_Cong Km45+728.dwg,BTC,12/27/2004 3:05:38 PM,Ngoc Linh,HP DesignJet 800 42 by HP.pc3,Oversize: Custom 5: 840 x 315 mm. (landscape),1:1,
G:\Projects\Duong_Namsonghau\Hosoxuatlan1\DC_Phanthoatnuoc\Cong ngang\Cong ngang 1-5.dwg,5 (2),2/15/2005 2:19:24 PM,Ngoc Linh,\\Vanle\HP LaserJet 5100 PCL 6,A3,1:1,
\\Haonk\namsonghau\HS-Xuat\BD-TD\BD_TD.8084.dwg,8182(2),2/15/2005 3:14:05 PM,Ngoc Linh,\\Vanle\HP LaserJet 5100 PCL 6,A3,1:1,
G:\Projects\Duong_Namsonghau\Hosoxuatlan1\DC_Phanthoatnuoc\Cong ngang\Cong ngang 1-5.dwg,2,2/15/2005 5:15:49 PM,Ngoc Linh,\\Vanle\HP LaserJet 5100 PCL 6,A3,1:1,
G:\Projects\Duong_Namsonghau\Hosoxuatlan1\DC_Phanthoatnuoc\Cong ngang\Cong ngang 1-5.dwg,3,2/15/2005 5:15:53 PM,Ngoc Linh,\\Vanle\HP LaserJet 5100 PCL 6,A3,1:1,
G:\Projects\Duong_Namsonghau\Hosoxuatlan1\DC_Phanthoatnuoc\Cong ngang\Cong ngang 1-5.dwg,4,2/15/2005 5:15:56 PM,Ngoc Linh,\\Vanle\HP LaserJet 5100 PCL 6,A3,1:1,
G:\Projects\Duong_Namsonghau\Hosoxuatlan1\DC_Phanthoatnuoc\Cong ngang\Cong ngang 1-5.dwg,5,2/15/2005 5:15:59 PM,Ngoc Linh,\\Vanle\HP LaserJet 5100 PCL 6,A3,1:1,
G:\Projects\Duong_Namsonghau\Hosoxuatlan1\DC_Phanthoatnuoc\Cong ngang\Cong ngang 1-5.dwg,1,2/15/2005 5:16:03 PM,Ngoc Linh,\\Vanle\HP LaserJet 5100 PCL 6,A3,1:1,
C:\Temp\MCN2.7.dwg,2 (2),3/17/2005 10:42:14 AM,Ngoc Linh,\\Vanle\HP LaserJet 5100 PCL 6,A3,1:1,
C:\Temp\MCN2.7.dwg,2 (2),3/17/2005 10:43:48 AM,Ngoc Linh,\\Vanle\HP LaserJet 5100 PCL 6,A3,1:1,
G:\Projects\Caotoc_Saigon-Trungluong\Hoso_TK\Dieuchinh_TKKT\HM4-21\BTC_Cong Km26+918.dwg,BTC,3/28/2005 11:33:44 AM,Ngoc Linh,HP DesignJet 800 42 by HP.pc3,Custom 3: 840 x 1175 mm.,1:1,
G:\Projects\Caotoc_Saigon-Trungluong\Hoso_TK\Dieuchinh_TKKT\HM4-25\BTC_Cong Km33+266.dwg,Layout1,3/30/2005 3:13:26 PM,Ngoc Linh,HP DesignJet 800 42 by HP.pc3,Custom 1: 315 x 840 mm. (landscape),1:1,
G:\Projects\Caotoc_Saigon-Trungluong\Hoso_TK\Dieuchinh_TKKT\HM4-25\BTC_Cong Km33+141.5.dwg,Layout1,3/30/2005 3:13:44 PM,Ngoc Linh,HP DesignJet 800 42 by HP.pc3,Custom 1: 315 x 840 mm. (landscape),1:1,
G:\Projects\Caotoc_Saigon-Trungluong\Hoso_TK\Dieuchinh_TKKT\HM4-25\BTC_Cong Km32+680.dwg,Layout1,3/30/2005 3:14:08 PM,Ngoc Linh,HP DesignJet 800 42 by HP.pc3,Custom 1: 315 x 840 mm. (landscape),1:1,
G:\Projects\Caotoc_Saigon-Trungluong\Hoso_TK\Dieuchinh_TKKT\HM5-33\BTC_Cong Km38+1.50.dwg,Layout1,3/30/2005 3:47:30 PM,Ngoc Linh,HP DesignJet 800 42 by HP.pc3,Custom 1: 315 x 840 mm. (landscape),1:1,
X:\cau ca cam\BAN VE THI CONG\NGHIA\05_CocKN100+140_L=58-50-48 (xong).dwg,CKN  $1400 (50m),5/9/2005 3:58:46 PM,Ngoc Linh,\\Vanle\HP LaserJet 5100 PCL 6,A4,1:0.361394,
D:\Tuan anh\Project\Can tho Province\cau rach ngong\Rach Ngong _IN\Dadt-lan2\RG1-020-BINHDO.dwg,TD,9/7/2007 3:12:48 PM,BUI NGOC HIEN,HP DesignJet 800 42 by HP.pc3,Custom 1: 320 x 840 mm. (landscape),1:1,
D:\Tuan anh\Project\Can tho Province\cau rach ngong\Rach Ngong _IN\Dadt-lan2\RG1-060-070-PA_DamSuperT.dwg,pa1.1-2,9/7/2007 3:13:19 PM,BUI NGOC HIEN,mayinphong2,A3,1:1,
D:\Tuan anh\Project\Can tho Province\cau rach ngong\Rach Ngong _IN\Dadt-lan2\RG1-060-070-PA_DamSuperT.dwg,pa1.1-1,9/7/2007 3:13:38 PM,BUI NGOC HIEN,mayinphong2,A3,1:1,
D:\Tuan anh\Project\Ca Mau province\Cau Dam cung\TKKT\Tham khao\Cau Tan An\Thiet ke ky thuat\3-Ket cau phan tren\30010-20-30-40 BTC dam hop.dwg,1,5/7/2008 10:23:03 AM,Le Tuan Anh,mayinphong2,A3,0.0393701:1,
D:\Tuan anh\Project\Ca Mau province\Cau Dam cung\TKKT\Tham khao\Cau Tan An\Thiet ke ky thuat\3-Ket cau phan tren\30010-20-30-40 BTC dam hop.dwg,2,5/7/2008 10:23:14 AM,Le Tuan Anh,mayinphong2,A3,0.0393701:1,
D:\Tuan anh\Project\Ca Mau province\Cau Dam cung\TKKT\Tham khao\Cau Tan An\Thiet ke ky thuat\3-Ket cau phan tren\30010-20-30-40 BTC dam hop.dwg,3,5/7/2008 10:23:26 AM,Le Tuan Anh,mayinphong2,A3,0.0393701:1,
D:\Tuan anh\Project\Ca Mau province\Cau Dam cung\TKKT\Tham khao\Cau Tan An\Thiet ke ky thuat\3-Ket cau phan tren\30010-20-30-40 BTC dam hop.dwg,4,5/7/2008 10:23:36 AM,Le Tuan Anh,mayinphong2,A3,0.0393701:1,
D:\Tuan anh\Project\Ca Mau province\Cau Dam cung\TKKT\To chuc giao thong\Binh do to chuc giao thong.dwg,BD,7/30/2008 10:45:57 AM,User,HP Color LaserJet 5500 PCL6.pc3,A3,1:1,
D:\Tuan anh\Project\Ca Mau province\Cau Dam cung\TKKT\To chuc giao thong\Binh do to chuc giao thong.dwg,BD (2),7/30/2008 10:46:27 AM,User,HP Color LaserJet 5500 PCL6.pc3,A3,1:1,
D:\Tuan anh\Project\Ca Mau province\Cau Dam cung\TKKT\To chuc giao thong\Binh do to chuc giao thong.dwg,BD,7/30/2008 10:47:51 AM,User,HP Color LaserJet 5500 PCL6,A3,1:1,
D:\Tuan anh\Project\Ca Mau province\Cau Dam cung\TKKT\To chuc giao thong\Binh do to chuc giao thong.dwg,BD (2),7/30/2008 10:47:59 AM,User,HP Color LaserJet 5500 PCL6,A3,1:1,
D:\Tuan anh\Project\Ca Mau province\Cau Dam cung\TKKT\Tong quan\10010-Cac ghi chu chung.dwg,Layout1,7/30/2008 10:52:31 AM,User,mayinphong2,A3,1:1,
D:\Tuan anh\Project\Ca Mau province\Cau Dam cung\TKKT\Muc luc, bia va khung ten\BIA MAU A3-s.dwg,SG_TL,7/30/2008 11:02:54 AM,User,HP Color LaserJet 5500 PCL6,A3,1:1,
D:\Tuan anh\Project\Ca Mau province\Cau Dam cung\TKKT\Muc luc, bia va khung ten\BIA MAU A3-s.dwg,SG_TL (2),7/30/2008 11:05:25 AM,User,mayinphong2,A3,1:1,
D:\Tuan anh\Project\Ca Mau province\Cau Dam cung\TKKT\Muc luc, bia va khung ten\BIA MAU A3-s.dwg,SG_TL (2),7/30/2008 11:05:34 AM,User,mayinphong2,A3,1:1,
D:\Tuan anh\Project\Ca Mau province\Cau Dam cung\TKKT\Muc luc, bia va khung ten\BIA MAU A3-s.dwg,SG_TL (2),7/30/2008 11:07:30 AM,User,mayinphong2,A3,1:1,
D:\Tuan anh\Project\14-Bien hoa Vung Tau\Mo rong QL 51\Thiet ke co so 2-2009\Cau Nuoc trong\3.CAU SUOI NUOC TRONG.dwg,Layout1 (2),2/24/2009 4:34:52 PM,Fufukim,mayinphong2,A3,1:1,
D:\Tuan anh\Project\14-Bien hoa Vung Tau\Mo rong QL 51\Thiet ke co so 2-2009\Cau Nuoc trong\3.CAU SUOI NUOC TRONG.dwg,Layout1,2/24/2009 4:35:03 PM,Fufukim,mayinphong2,A3,1:1,
D:\Tuan anh\Project\14-Bien hoa Vung Tau\Mo rong QL 51\Thiet ke co so 2-2009\Cau Nuoc trong\3.CAU SUOI NUOC TRONG.dwg,Layout1,2/24/2009 4:35:11 PM,Fufukim,mayinphong2,A3,1:1,
D:\Tuan anh\Project\14-Bien hoa Vung Tau\Mo rong QL 51\Thiet ke co so 2-2009\MCDD.dwg,MCNDHA3,2/24/2009 4:35:34 PM,Fufukim,mayinphong2,A3,1:1,
D:\Tuan anh\Project\14-Bien hoa Vung Tau\Mo rong QL 51\Thiet ke co so 2-2009\Cau Quan Tre\Quan tre trai.dwg,Layout1,2/24/2009 4:41:22 PM,Fufukim,mayinphong2,A3,1:1,
D:\Tuan anh\Project\14-Bien hoa Vung Tau\Mo rong QL 51\Thiet ke co so 2-2009\Cau Quan Tre\Quan tre trai.dwg,Layout1 (2),2/24/2009 4:42:22 PM,Fufukim,mayinphong2,A3,1:1,
\\Tuantm\Mo Rong QL51\BTC Cau  Thi Vai.dwg,TRAC DOC (1),2/24/2009 4:44:29 PM,Fufukim,mayinphong2,A3,1:1,
\\Tuantm\Mo Rong QL51\BTC Cau  Thi Vai.dwg,TRAC DOC (2),2/24/2009 4:44:35 PM,Fufukim,mayinphong2,A3,1:1,
\\Tuantm\Mo Rong QL51\BTC Cau  Thi Vai.dwg,MCN,2/24/2009 4:45:28 PM,Fufukim,mayinphong2,A3,1:1,
\\Tuantm\Mo Rong QL51\BTC Cau  Rach Van.dwg,Layout2,2/24/2009 4:45:56 PM,Fufukim,mayinphong2,A3,1:1,
\\Tuantm\Mo Rong QL51\BTC Cau  Rach Van.dwg,Layout2,2/24/2009 4:46:06 PM,Fufukim,mayinphong2,A3,1:1,
\\Tuantm\Mo Rong QL51\BTC Cau Suoi Ca.dwg,TRAC DOC (1),2/24/2009 4:46:27 PM,Fufukim,mayinphong2,A3,1:1,
\\Tuantm\Mo Rong QL51\BTC Cau Suoi Ca.dwg,TRAC DOC (2),2/24/2009 4:46:39 PM,Fufukim,mayinphong2,A3,1:1,
\\Tuantm\Mo Rong QL51\BTC Cau Suoi Ca.dwg,MCN,2/24/2009 4:47:11 PM,Fufukim,mayinphong2,A3,1:1,
\\Tuantm\Mo Rong QL51\BTC Cau Thai Thien.dwg,TRAC DOC (1),2/24/2009 4:47:38 PM,Fufukim,mayinphong2,A3,1:1,
\\Tuantm\Mo Rong QL51\BTC Cau Thai Thien.dwg,TRAC DOC (2),2/24/2009 4:47:48 PM,Fufukim,mayinphong2,A3,1:1,
\\Tuantm\Mo Rong QL51\BTC Cau Thai Thien.dwg,MCN,2/24/2009 4:47:58 PM,Fufukim,mayinphong2,A3,1:1,
D:\Tuan anh\Project\14-Bien hoa Vung Tau\Mo rong QL 51\Thiet ke co so 2-2009\MCDD.dwg,MCNDHA3,2/24/2009 4:55:38 PM,Fufukim,mayinphong2,A3,1:1,
D:\Tuan anh\Project\14-Bien hoa Vung Tau\Mo rong QL 51\Thiet ke co so 2-2009\MCDD.dwg,MCNDHA3,2/24/2009 5:00:50 PM,Fufukim,HP Designjet T1100ps 44in HPGL2,A1 (landscape),1:0.502983,
D:\Tuan anh\Project\ 2-Bac Lieu Province\bao cao BL IV\MCNDD-KCAD.dwg,Layout1,24/2/2011 10:19:51 AM,Le Tuan Anh,HP Designjet T1100ps 44in HPGL2.pc3,A1 (landscape),1:1,
D:\Tuan anh\Project\15-Tien Giang province\Cao toc trung luong my thuan\03 - Package 5,6,7\1 - Mainbridge\02. Binh Phu 1\P6-BW1-GD-01 GENERAL NOTES.dwg,Layout1,24/2/2011 10:56:06 AM,Le Tuan Anh,may in phong 1,A3,1:1,
D:\Tuan anh\Project\15-Tien Giang province\Cao toc trung luong my thuan\03 - Package 5,6,7\1 - Mainbridge\02. Binh Phu 1\plan of Binh Phu 1.dwg,Layout1,24/2/2011 10:56:22 AM,Le Tuan Anh,may in phong 1,A3,1:1,
D:\Tuan anh\Project\15-Tien Giang province\Cao toc trung luong my thuan\03 - Package 5,6,7\1 - Mainbridge\02. Binh Phu 1\General view of Binh phu 1 H3.5 new1.dwg,BTC1-2,24/2/2011 10:56:54 AM,Le Tuan Anh,may in phong 1,A3,1:1,
D:\Tuan anh\Project\15-Tien Giang province\Cao toc trung luong my thuan\03 - Package 5,6,7\1 - Mainbridge\02. Binh Phu 1\General view of Binh phu 1 H3.5 new1.dwg,BTC1-2,24/2/2011 10:57:20 AM,Le Tuan Anh,may in phong 1,A3,1:1,
D:\Tuan anh\Project\15-Tien Giang province\Cao toc trung luong my thuan\03 - Package 5,6,7\1 - Mainbridge\02. Binh Phu 1\P6-BW1-GD-04 COORDINATION OF ABUTMENT, PIERS AND ARRANGEMENT OF BEARING SYSTEM.dwg,Layout1,24/2/2011 10:57:40 AM,Le Tuan Anh,may in phong 1,A3,1:1,
D:\Tuan anh\Project\15-Tien Giang province\Cao toc trung luong my thuan\03 - Package 5,6,7\1 - Mainbridge\02. Binh Phu 1\mat bang bo tri dam CAU BINH PHU 1.dwg,BTC1-2,24/2/2011 10:58:19 AM,Le Tuan Anh,may in phong 1,A3,1:1,
