D:\Mr Tuan white\Tuan\CONG TRINH\An Giang\Cau Long Binh\TKKT\Ho so xuat\2010-09\30080 & 30090_Bo tri dau mo A1, A2-cau Kenh-new2.dwg,Dau mo cau Kenh so 2,11/17/2010 3:46:56 PM,Admin,HP LaserJet 5100 PCL 6,A3,1:1,
D:\01. MR BROWN\01. CONG VIEC\00. Trung Luong _ My Thuan Expressway\02. Package 1,2,4\Tuan Nau\04. Earthwork slope protection of Abutment\Earthwork slope protection of Abutment OP6.dwg,Layout1,11/23/2010 3:12:32 PM,Admin,HP LaserJet 5100 PCL 6,A3,1:1,
D:\01. MR BROWN\01. CONG VIEC\00. Trung Luong _ My Thuan Expressway\02. Package 1,2,4\Tuan Nau\04. Earthwork slope protection of Abutment\Earthwork slope protection of Abutment OP6.dwg,Layout1,11/23/2010 3:14:05 PM,Admin,HP LaserJet 5100 PCL 6,A3,1:1,
D:\01. MR BROWN\01. CONG VIEC\00. Trung Luong _ My Thuan Expressway\02. Package 1,2,4\Tuan Nau\04. Earthwork slope protection of Abutment\Earthwork slope protection of Abutment OP6.dwg,Layout1,11/23/2010 3:21:07 PM,Admin,HP LaserJet 5100 PCL 6,A3,1:1,
D:\01. MR BROWN\01. CONG VIEC\00. Trung Luong _ My Thuan Expressway\02. Package 1,2,4\Tuan Nau\04. Earthwork slope protection of Abutment\Earthwork slope protection of Abutment OP6.dwg,Layout1,11/23/2010 5:08:33 PM,Admin,HP LaserJet 5100 PCL 6,A3,1:1,
D:\01. MR BROWN\01. CONG VIEC\00. TL_MT Expressway\02. Package 1,2,4\01. Fully worked-out\Flyover 2\03. Railing_drainage_Lighting\Parapet-Drainage-Lighting OP2.dwg,OP2-6,12/10/2010 9:08:51 AM,Admin,HP LaserJet 5100 PCL 6,A3,1:1,
D:\01. MR BROWN\01. CONG VIEC\00. TL_MT Expressway\02. Package 1,2,4\01. Fully worked-out\Flyover 2\03. Railing_drainage_Lighting\Parapet-Drainage-Lighting OP2.dwg,OP2-6,12/10/2010 9:09:07 AM,Admin,HP LaserJet 5100 PCL 6,A3,1:1,
D:\01. MR BROWN\01. CONG VIEC\00. TL_MT Expressway\02. Package 1,2,4\01. Fully worked-out\Flyover 2\03. Railing_drainage_Lighting\Parapet-Drainage-Lighting OP2.dwg,OP2-6,12/10/2010 9:09:39 AM,Admin,HP LaserJet 5100 PCL 6,A3,1:1,
D:\01. MR BROWN\01. CONG VIEC\00. TL_MT Expressway\02. Package 1,2,4\01. Fully worked-out\Flyover 2\03. Railing_drainage_Lighting\Parapet-Drainage-Lighting OP2.dwg,OP2-6,12/10/2010 9:09:55 AM,Admin,HP LaserJet 5100 PCL 6,A3,1:1,
D:\01. MR BROWN\01. CONG VIEC\00. TL_MT Expressway\02. Package 1,2,4\01. Fully worked-out\Flyover 2\04. Slope protection of Abut\Slope protection of Abut OP2.dwg,Layout1,12/10/2010 9:11:40 AM,Admin,HP LaserJet 5100 PCL 6,A3,1:1,
D:\01. MR BROWN\01. CONG VIEC\00. TL_MT Expressway\02. Package 1,2,4\01. Fully worked-out\Flyover 2\04. Slope protection of Abut\Slope protection of Abut OP2.dwg,Layout1,12/10/2010 9:11:53 AM,Admin,HP LaserJet 5100 PCL 6,A3,1:1,
D:\01. MR BROWN\01. CONG VIEC\00. TL_MT Expressway\02. Package 1,2,4\01. Fully worked-out\Flyover 2\04. Slope protection of Abut\Slope protection of Abut OP2.dwg,Layout1,12/10/2010 9:12:06 AM,Admin,HP LaserJet 5100 PCL 6,A3,1:1,
D:\01. MR BROWN\01. CONG VIEC\00. TL_MT Expressway\02. Package 1,2,4\01. Fully worked-out\Flyover 3\01. Expansion Joint\Expansion Joint 10cm_OP3.dwg,Layout1,12/10/2010 9:12:57 AM,Admin,HP LaserJet 5100 PCL 6,A3,1:1,
D:\01. MR BROWN\01. CONG VIEC\00. TL_MT Expressway\02. Package 1,2,4\01. Fully worked-out\Flyover 3\02. Transition Slab\Transition Slab _ OP3.dwg,1,12/10/2010 9:13:33 AM,Admin,HP LaserJet 5100 PCL 6,A3,1:1,
D:\01. MR BROWN\01. CONG VIEC\00. TL_MT Expressway\02. Package 1,2,4\01. Fully worked-out\Flyover 3\03. Railing-Drainage-Lighting\Parapet-Drainage-Lighting OP3.dwg,OP3-4,12/10/2010 9:14:00 AM,Admin,HP LaserJet 5100 PCL 6,A3,1:1,
D:\01. MR BROWN\01. CONG VIEC\00. TL_MT Expressway\02. Package 1,2,4\01. Fully worked-out\Flyover 3\03. Railing-Drainage-Lighting\Parapet-Drainage-Lighting OP3.dwg,OP3-4,12/10/2010 9:14:16 AM,Admin,HP LaserJet 5100 PCL 6,A3,1:1,
D:\01. MR BROWN\01. CONG VIEC\00. TL_MT Expressway\02. Package 1,2,4\01. Fully worked-out\Flyover 3\03. Railing-Drainage-Lighting\Parapet-Drainage-Lighting OP3.dwg,OP3-4,12/10/2010 9:14:32 AM,Admin,HP LaserJet 5100 PCL 6,A3,1:1,
D:\01. MR BROWN\01. CONG VIEC\00. TL_MT Expressway\02. Package 1,2,4\01. Fully worked-out\Flyover 3\03. Railing-Drainage-Lighting\Parapet-Drainage-Lighting OP3.dwg,OP3-4,12/10/2010 9:14:54 AM,Admin,HP LaserJet 5100 PCL 6,A3,1:1,
D:\01. MR BROWN\01. CONG VIEC\00. TL_MT Expressway\02. Package 1,2,4\01. Fully worked-out\Flyover 3\04. Slope protection of Abut\Slope protection of Abut OP3.dwg,Layout1,12/10/2010 9:15:18 AM,Admin,HP LaserJet 5100 PCL 6,A3,1:1,
D:\01. MR BROWN\01. CONG VIEC\00. TL_MT Expressway\02. Package 1,2,4\01. Fully worked-out\Flyover 3\04. Slope protection of Abut\Slope protection of Abut OP3.dwg,Layout1,12/10/2010 9:15:32 AM,Admin,HP LaserJet 5100 PCL 6,A3,1:1,
D:\01. MR BROWN\01. CONG VIEC\00. TL_MT Expressway\02. Package 1,2,4\01. Fully worked-out\Flyover 4\04. Slope protection of Abut\Slope protection of Abut OP4.dwg,Layout1,12/10/2010 9:16:00 AM,Admin,HP LaserJet 5100 PCL 6,A3,1:1,
D:\01. MR BROWN\01. CONG VIEC\00. TL_MT Expressway\02. Package 1,2,4\01. Fully worked-out\Flyover 4\04. Slope protection of Abut\Slope protection of Abut OP4.dwg,Layout1,12/10/2010 9:16:13 AM,Admin,HP LaserJet 5100 PCL 6,A3,1:1,
D:\01. MR BROWN\01. CONG VIEC\00. TL_MT Expressway\02. Package 1,2,4\01. Fully worked-out\Flyover 6\04. Slope protection of Abut\Slope protection of Abut OP6.dwg,Layout1,12/10/2010 9:16:54 AM,Admin,HP LaserJet 5100 PCL 6,A3,1:1,
D:\01. MR BROWN\01. CONG VIEC\00. TL_MT Expressway\02. Package 1,2,4\01. Fully worked-out\Flyover 6\04. Slope protection of Abut\Slope protection of Abut OP6.dwg,Layout1,12/10/2010 9:17:05 AM,Admin,HP LaserJet 5100 PCL 6,A3,1:1,
D:\01. MR BROWN\01. CONG VIEC\00. TL_MT Expressway\02. Package 1,2,4\01. Fully worked-out\Flyover 6\04. Slope protection of Abut\Slope protection of Abut OP6.dwg,Layout1,12/10/2010 9:17:16 AM,Admin,HP LaserJet 5100 PCL 6,A3,1:1,
D:\01. MR BROWN\01. CONG VIEC\00. TL_MT Expressway\02. Package 1,2,4\Nau\06. SPT boring\DIA CHAT OP6_NEW 101210\hinh tru OP6.dwg,Model,12/10/2010 1:29:45 PM,Admin,HP LaserJet 5100 PCL 6,A4,1:1.40401,
D:\01. MR BROWN\01. CONG VIEC\00. TL_MT Expressway\02. Package 1,2,4\Nau\06. SPT boring\DIA CHAT OP6_NEW 101210\hinh tru OP6.dwg,Model,12/10/2010 1:30:00 PM,Admin,HP LaserJet 5100 PCL 6,A4,1:1.40401,
D:\01. MR BROWN\01. CONG VIEC\00. TL_MT Expressway\02. Package 1,2,4\Nau\06. SPT boring\DIA CHAT OP6_NEW 101210\hinh tru OP6.dwg,Model,12/10/2010 1:30:11 PM,Admin,HP LaserJet 5100 PCL 6,A4,1:1.40401,
D:\01. MR BROWN\01. CONG VIEC\00. TL_MT Expressway\02. Package 1,2,4\Nau\06. SPT boring\DIA CHAT OP6_NEW 101210\hinh tru OP6.dwg,Model,12/10/2010 1:30:25 PM,Admin,HP LaserJet 5100 PCL 6,A4,1:1.40401,
D:\01. MR BROWN\01. CONG VIEC\00. TL_MT Expressway\02. Package 1,2,4\Nau\06. SPT boring\DIA CHAT OP6_NEW 101210\hinh tru OP6.dwg,Model,12/10/2010 1:30:39 PM,Admin,HP LaserJet 5100 PCL 6,A4,1:1.40401,
D:\01. MR BROWN\01. CONG VIEC\00. TL_MT Expressway\02. Package 1,2,4\Nau\06. SPT boring\DIA CHAT OP6_NEW 101210\hinh tru OP6.dwg,Model,12/10/2010 1:30:53 PM,Admin,HP LaserJet 5100 PCL 6,A4,1:1.40401,
D:\01. MR BROWN\01. CONG VIEC\00. TL_MT Expressway\02. Package 1,2,4\01. Fully worked-out 121210 _ new\Flyover 3\04. Slope protection of Abut\Slope protection of Abut OP3.dwg,Layout1,12/12/2010 5:37:29 PM,Admin,HP LaserJet 5100 PCL 6,A3,1:1,
D:\01. MR BROWN\01. CONG VIEC\00. TL_MT Expressway\02. Package 1,2,4\01. Fully worked-out 121210 _ new\Flyover 3\04. Slope protection of Abut\Slope protection of Abut OP3.dwg,Layout1,12/12/2010 5:37:45 PM,Admin,HP LaserJet 5100 PCL 6,A3,1:1,
D:\01. MR BROWN\01. CONG VIEC\00. TL_MT Expressway\02. Package 1,2,4\01. Fully worked-out 121210 _ new\Flyover 4\01. Expansion joint\Expansion Joint OP4.dwg,Layout1,12/12/2010 5:42:14 PM,Admin,HP LaserJet 5100 PCL 6,A3,1:1,
D:\01. MR BROWN\01. CONG VIEC\00. TL_MT Expressway\02. Package 1,2,4\01. Fully worked-out 121210 _ new\Flyover 4\02. Transition Slab\Transition Slab _ OP4.dwg,OP3,12/12/2010 5:42:41 PM,Admin,HP LaserJet 5100 PCL 6,A3,1:1,
D:\01. MR BROWN\01. CONG VIEC\00. TL_MT Expressway\02. Package 1,2,4\01. Fully worked-out 121210 _ new\Flyover 4\03. Railing-Drainage-Lighting\Parapet-Drainage-Lighting OP4.dwg,OP3-4,12/12/2010 5:43:20 PM,Admin,HP LaserJet 5100 PCL 6,A3,1:1,
D:\01. MR BROWN\01. CONG VIEC\00. TL_MT Expressway\02. Package 1,2,4\01. Fully worked-out 121210 _ new\Flyover 4\03. Railing-Drainage-Lighting\Parapet-Drainage-Lighting OP4.dwg,OP3-4,12/12/2010 5:43:42 PM,Admin,HP LaserJet 5100 PCL 6,A3,1:1,
D:\01. MR BROWN\01. CONG VIEC\00. TL_MT Expressway\02. Package 1,2,4\01. Fully worked-out 121210 _ new\Flyover 4\03. Railing-Drainage-Lighting\Parapet-Drainage-Lighting OP4.dwg,OP3-4,12/12/2010 5:44:08 PM,Admin,HP LaserJet 5100 PCL 6,A3,1:1,
D:\01. MR BROWN\01. CONG VIEC\00. TL_MT Expressway\02. Package 1,2,4\01. Fully worked-out 121210 _ new\Flyover 4\03. Railing-Drainage-Lighting\Parapet-Drainage-Lighting OP4.dwg,OP3-4,12/12/2010 5:44:29 PM,Admin,HP LaserJet 5100 PCL 6,A3,1:1,
D:\01. MR BROWN\01. CONG VIEC\00. TL_MT Expressway\02. Package 1,2,4\01. Fully worked-out 121210 _ new\Flyover 3\01. Expansion Joint\Expansion Joint 10cm_OP3.dwg,Layout1,12/12/2010 6:10:17 PM,Admin,HP LaserJet 5100 PCL 6,A3,1:1,
D:\01. MR BROWN\01. CONG VIEC\00. TL_MT Expressway\02. Package 1,2,4\01. Fully worked-out 121210 _ new\Flyover 3\02. Transition Slab\Transition Slab _ OP3.dwg,OP3,12/12/2010 6:10:56 PM,Admin,HP LaserJet 5100 PCL 6,A3,1:1,
D:\01. MR BROWN\01. CONG VIEC\00. TL_MT Expressway\02. Package 1,2,4\01. Fully worked-out 121210 _ new\Flyover 3\03. Railing-Drainage-Lighting\Parapet-Drainage-Lighting OP3.dwg,OP3-4,12/12/2010 6:11:43 PM,Admin,HP LaserJet 5100 PCL 6,A3,1:1,
D:\01. MR BROWN\01. CONG VIEC\00. TL_MT Expressway\02. Package 1,2,4\01. Fully worked-out 121210 _ new\Flyover 3\03. Railing-Drainage-Lighting\Parapet-Drainage-Lighting OP3.dwg,OP3-4,12/12/2010 6:11:59 PM,Admin,HP LaserJet 5100 PCL 6,A3,1:1,
D:\01. MR BROWN\01. CONG VIEC\00. TL_MT Expressway\02. Package 1,2,4\01. Fully worked-out 121210 _ new\Flyover 3\03. Railing-Drainage-Lighting\Parapet-Drainage-Lighting OP3.dwg,OP3-4,12/12/2010 6:12:21 PM,Admin,HP LaserJet 5100 PCL 6,A3,1:1,
D:\01. MR BROWN\01. CONG VIEC\00. TL_MT Expressway\02. Package 1,2,4\01. Fully worked-out 121210 _ new\Flyover 3\03. Railing-Drainage-Lighting\Parapet-Drainage-Lighting OP3.dwg,OP3-4,12/12/2010 6:12:35 PM,Admin,HP LaserJet 5100 PCL 6,A3,1:1,
D:\01. MR BROWN\01. CONG VIEC\00. TL_MT Expressway\02. Package 1,2,4\01. Fully worked-out 121210 _ new\Flyover 3\04. Slope protection of Abut\Slope protection of Abut OP3.dwg,Layout1,12/12/2010 6:12:55 PM,Admin,HP LaserJet 5100 PCL 6,A3,1:1,
D:\01. MR BROWN\01. CONG VIEC\00. TL_MT Expressway\02. Package 1,2,4\01. Fully worked-out 121210 _ new\Flyover 3\04. Slope protection of Abut\Slope protection of Abut OP3.dwg,Layout1,12/12/2010 6:13:08 PM,Admin,HP LaserJet 5100 PCL 6,A3,1:1,
D:\01. MR BROWN\01. CONG VIEC\00. TL_MT Expressway\02. Package 1,2,4\01. Fully worked-out 121210 _ new\Flyover 4\01. Expansion joint\Expansion Joint OP4.dwg,Layout1,12/12/2010 6:14:23 PM,Admin,HP LaserJet 5100 PCL 6,A3,1:1,
D:\01. MR BROWN\01. CONG VIEC\00. TL_MT Expressway\02. Package 1,2,4\01. Fully worked-out 121210 _ new\Flyover 4\02. Transition Slab\Transition Slab _ OP4.dwg,OP3,12/12/2010 6:15:27 PM,Admin,HP LaserJet 5100 PCL 6,A3,1:1,
D:\01. MR BROWN\01. CONG VIEC\00. TL_MT Expressway\02. Package 1,2,4\01. Fully worked-out 121210 _ new\Flyover 4\03. Railing-Drainage-Lighting\Parapet-Drainage-Lighting OP4.dwg,OP3-4,12/12/2010 6:18:37 PM,Admin,HP LaserJet 5100 PCL 6,A3,1:1,
D:\01. MR BROWN\01. CONG VIEC\00. TL_MT Expressway\02. Package 1,2,4\01. Fully worked-out 121210 _ new\Flyover 4\03. Railing-Drainage-Lighting\Parapet-Drainage-Lighting OP4.dwg,OP3-4,12/12/2010 6:18:53 PM,Admin,HP LaserJet 5100 PCL 6,A3,1:1,
D:\01. MR BROWN\01. CONG VIEC\00. TL_MT Expressway\02. Package 1,2,4\01. Fully worked-out 121210 _ new\Flyover 4\03. Railing-Drainage-Lighting\Parapet-Drainage-Lighting OP4.dwg,OP3-4,12/12/2010 6:19:10 PM,Admin,HP LaserJet 5100 PCL 6,A3,1:1,
D:\01. MR BROWN\01. CONG VIEC\00. TL_MT Expressway\02. Package 1,2,4\01. Fully worked-out 121210 _ new\Flyover 4\03. Railing-Drainage-Lighting\Parapet-Drainage-Lighting OP4.dwg,OP3-4,12/12/2010 6:19:27 PM,Admin,HP LaserJet 5100 PCL 6,A3,1:1,
D:\01. MR BROWN\01. CONG VIEC\00. TL_MT Expressway\02. Package 1,2,4\01. Fully worked-out 121210 _ new\Flyover 4\04. Slope protection of Abut\Slope protection of Abut OP4.dwg,Layout1,12/12/2010 6:20:47 PM,Admin,HP LaserJet 5100 PCL 6,A3,1:1,
D:\01. MR BROWN\01. CONG VIEC\00. TL_MT Expressway\02. Package 1,2,4\01. Fully worked-out 121210 _ new\Flyover 4\04. Slope protection of Abut\Slope protection of Abut OP4.dwg,Layout1,12/12/2010 6:21:02 PM,Admin,HP LaserJet 5100 PCL 6,A3,1:1,
D:\01. MR BROWN\01. CONG VIEC\00. TL_MT Expressway\02. Package 1,2,4\01. Fully worked-out 121210 _ new\Flyover 2\03. Railing_drainage_Lighting\Parapet-Drainage-Lighting OP2.dwg,OP2-6,12/13/2010 6:20:55 PM,Admin,HP LaserJet 5100 PCL 6,A3,1:1,
D:\01. MR BROWN\01. CONG VIEC\00. TL_MT Expressway\02. Package 1,2,4\01. Fully worked-out 121210 _ new\Flyover 2\03. Railing_drainage_Lighting\Parapet-Drainage-Lighting OP2.dwg,OP2-6,12/13/2010 6:21:09 PM,Admin,HP LaserJet 5100 PCL 6,A3,1:1,
D:\01. MR BROWN\01. CONG VIEC\00. TL_MT Expressway\02. Package 1,2,4\01. Fully worked-out 121210 _ new\Flyover 2\03. Railing_drainage_Lighting\Parapet-Drainage-Lighting OP2.dwg,OP2-6,12/13/2010 6:21:27 PM,Admin,HP LaserJet 5100 PCL 6,A3,1:1,
D:\01. MR BROWN\01. CONG VIEC\00. TL_MT Expressway\02. Package 1,2,4\01. Fully worked-out 121210 _ new\Flyover 2\03. Railing_drainage_Lighting\Parapet-Drainage-Lighting OP2.dwg,OP2-6,12/13/2010 6:21:50 PM,Admin,HP LaserJet 5100 PCL 6,A3,1:1,
D:\01. MR BROWN\01. CONG VIEC\00. TL_MT Expressway\02. Package 1,2,4\01. Fully worked-out 121210 _ new\Flyover 2\04. Slope protection of Abut\OP2.dwg,Layout1,12/13/2010 6:24:29 PM,Admin,HP LaserJet 5100 PCL 6,A3,1:1,
D:\01. MR BROWN\01. CONG VIEC\00. TL_MT Expressway\02. Package 1,2,4\01. Fully worked-out 121210 _ new\Flyover 2\04. Slope protection of Abut\OP2.dwg,Layout1,12/13/2010 6:24:41 PM,Admin,HP LaserJet 5100 PCL 6,A3,1:1,
D:\01. MR BROWN\01. CONG VIEC\00. TL_MT Expressway\02. Package 1,2,4\01. Fully worked-out 121210 _ new\Flyover 2\04. Slope protection of Abut\OP2.dwg,Layout1,12/13/2010 6:24:54 PM,Admin,HP LaserJet 5100 PCL 6,A3,1:1,
D:\01. MR BROWN\01. CONG VIEC\00. TL_MT Expressway\02. Package 1,2,4\01. Fully worked-out 121210 _ new\Flyover 6\01. Expansion joint\Expansion Joint OP6.dwg,OP6,12/13/2010 6:26:24 PM,Admin,HP LaserJet 5100 PCL 6,A3,1:1,
D:\01. MR BROWN\01. CONG VIEC\00. TL_MT Expressway\02. Package 1,2,4\01. Fully worked-out 121210 _ new\Flyover 6\02. Transition Slab\Transition Slab _ OP6.dwg,OP6,12/13/2010 6:27:40 PM,Admin,HP LaserJet 5100 PCL 6,A3,1:1,
D:\01. MR BROWN\01. CONG VIEC\00. TL_MT Expressway\02. Package 1,2,4\01. Fully worked-out 121210 _ new\Flyover 6\03. Railing-Drainage-Lighting\Parapet-Drainage-Lighting OP6.dwg,OP6,12/13/2010 6:30:12 PM,Admin,HP LaserJet 5100 PCL 6,A3,1:1,
D:\01. MR BROWN\01. CONG VIEC\00. TL_MT Expressway\02. Package 1,2,4\01. Fully worked-out 121210 _ new\Flyover 6\03. Railing-Drainage-Lighting\Parapet-Drainage-Lighting OP6.dwg,OP6,12/13/2010 6:30:25 PM,Admin,HP LaserJet 5100 PCL 6,A3,1:1,
D:\01. MR BROWN\01. CONG VIEC\00. TL_MT Expressway\02. Package 1,2,4\01. Fully worked-out 121210 _ new\Flyover 6\03. Railing-Drainage-Lighting\Parapet-Drainage-Lighting OP6.dwg,OP6,12/13/2010 6:30:39 PM,Admin,HP LaserJet 5100 PCL 6,A3,1:1,
D:\01. MR BROWN\01. CONG VIEC\00. TL_MT Expressway\02. Package 1,2,4\01. Fully worked-out 121210 _ new\Flyover 6\03. Railing-Drainage-Lighting\Parapet-Drainage-Lighting OP6.dwg,OP6,12/13/2010 6:30:55 PM,Admin,HP LaserJet 5100 PCL 6,A3,1:1,
D:\01. MR BROWN\01. CONG VIEC\00. TL_MT Expressway\02. Package 1,2,4\01. Fully worked-out 121210 _ new\Flyover 6\04. Slope protection of Abut\Slope protection of Abut OP6.dwg,Layout1,12/13/2010 6:35:01 PM,Admin,HP LaserJet 5100 PCL 6,A3,1:1,
D:\01. MR BROWN\01. CONG VIEC\00. TL_MT Expressway\02. Package 1,2,4\01. Fully worked-out 121210 _ new\Flyover 6\04. Slope protection of Abut\Slope protection of Abut OP6.dwg,Layout1,12/13/2010 6:35:13 PM,Admin,HP LaserJet 5100 PCL 6,A3,1:1,
D:\01. MR BROWN\01. CONG VIEC\00. TL_MT Expressway\02. Package 1,2,4\01. Fully worked-out 121210 _ new\Flyover 6\04. Slope protection of Abut\Slope protection of Abut OP6.dwg,Layout1,12/13/2010 6:35:23 PM,Admin,HP LaserJet 5100 PCL 6,A3,1:1,
D:\01. MR BROWN\01. CONG VIEC\00. TL_MT Expressway\02. Package 1,2,4\01. Fully worked-out 121210 _ new\Flyover 2\03. Railing_drainage_Lighting\Parapet-Drainage-Lighting OP2.dwg,OP2,12/14/2010 2:53:40 PM,Admin,HP LaserJet 5100 PCL 6,A3,1:1,
D:\01. MR BROWN\01. CONG VIEC\00. TL_MT Expressway\02. Package 1,2,4\01. Fully worked-out 121210 _ new\Flyover 3\03. Railing-Drainage-Lighting\Parapet-Drainage-Lighting OP3.dwg,OP3-4,12/14/2010 2:55:32 PM,Admin,HP LaserJet 5100 PCL 6,A3,1:1,
D:\01. MR BROWN\01. CONG VIEC\00. TL_MT Expressway\02. Package 1,2,4\01. Fully worked-out 121210 _ new\Flyover 4\03. Railing-Drainage-Lighting\Parapet-Drainage-Lighting OP4.dwg,OP3-4,12/14/2010 2:56:56 PM,Admin,HP LaserJet 5100 PCL 6,A3,1:1,
D:\01. MR BROWN\01. CONG VIEC\00. TL_MT Expressway\02. Package 1,2,4\01. Fully worked-out 121210 _ new\Flyover 6\03. Railing-Drainage-Lighting\Parapet-Drainage-Lighting OP6.dwg,OP6,12/14/2010 2:58:07 PM,Admin,HP LaserJet 5100 PCL 6,A3,1:1,
D:\01. MR BROWN\01. CONG VIEC\00. TL_MT Expressway\02. Package 1,2,4\01. Fully worked-out 121210 _ new\Flyover 3\04. Slope protection of Abut\Slope protection of Abut OP3.dwg,Layout1,12/14/2010 4:13:49 PM,Admin,HP LaserJet 5100 PCL 6,A3,1:1,
D:\01. MR BROWN\01. CONG VIEC\00. TL_MT Expressway\02. Package 1,2,4\01. Fully worked-out 121210 _ new\Flyover 4\04. Slope protection of Abut\Slope protection of Abut OP4.dwg,Layout1,12/14/2010 4:16:08 PM,Admin,HP LaserJet 5100 PCL 6,A3,1:1,
D:\01. MR BROWN\01. CONG VIEC\00. TL_MT Expressway\02. Package 1,2,4\01. Fully worked-out 121210 _ new\Flyover 6\04. Slope protection of Abut\Slope protection of Abut OP6.dwg,Layout1,12/14/2010 4:18:33 PM,Admin,HP LaserJet 5100 PCL 6,A3,1:1,
D:\01. MR BROWN\01. CONG VIEC\00. TL_MT Expressway\02. Package 1,2,4\01. Fully worked-out 121210 _ new\Flyover 2\04. Slope protection of Abut\OP2.dwg,Layout1,12/14/2010 4:21:08 PM,Admin,HP LaserJet 5100 PCL 6,A3,1:1,
D:\01. MR BROWN\01. CONG VIEC\00. TL_MT Expressway\02. Package 1,2,4\01. Fully worked-out 121210 _ new\Flyover 4\04. Slope protection of Abut\Slope protection of Abut OP4.dwg,Layout1,12/14/2010 4:27:08 PM,Admin,HP LaserJet 5100 PCL 6,A3,1:1,
D:\01. MR BROWN\01. CONG VIEC\00. TL_MT Expressway\02. Package 1,2,4\01. Fully worked-out 121210 _ new\Flyover 4\05. Traffic safety\Plan of traffic safety system OP4_mau 3.dwg,op3,12/15/2010 5:46:18 PM,Admin,HP Designjet T1100ps 44in HPGL2.pc3,840*297 (landscape),1:25.4,
D:\01. MR BROWN\01. CONG VIEC\00. TL_MT Expressway\02. Package 1,2,4\01. Fully worked-out 121210 _ new\Flyover 3\04. Slope protection of Abut\Slope protection of Abut OP3.dwg,Layout1,12/18/2010 4:19:44 PM,Admin,HP LaserJet 5100 PCL 6,A3,1:1,
D:\01. MR BROWN\01. CONG VIEC\00. TL_MT Expressway\02. Package 1,2,4\01. Fully worked-out 121210 _ new\Flyover 3\04. Slope protection of Abut\Slope protection of Abut OP3.dwg,Layout1,12/18/2010 4:20:32 PM,Admin,HP LaserJet 5100 PCL 6,A3,1:1,
D:\01. MR BROWN\01. CONG VIEC\00. TL_MT Expressway\02. Package 1,2,4\01. Fully worked-out 121210 _ new\Flyover 3\04. Slope protection of Abut\Slope protection of Abut OP3.dwg,Layout1,12/18/2010 4:20:56 PM,Admin,HP LaserJet 5100 PCL 6,A3,1:1,
D:\01. MR BROWN\01. CONG VIEC\00. TL_MT Expressway\02. Package 1,2,4\01. Fully worked-out 121210 _ new\Flyover 4\04. Slope protection of Abut\Slope protection of Abut OP4.dwg,op4,12/18/2010 4:21:32 PM,Admin,HP LaserJet 5100 PCL 6,A3,1:1,
D:\01. MR BROWN\01. CONG VIEC\00. TL_MT Expressway\02. Package 1,2,4\01. Fully worked-out 121210 _ new\Flyover 4\04. Slope protection of Abut\Slope protection of Abut OP4.dwg,op4,12/18/2010 4:21:46 PM,Admin,HP LaserJet 5100 PCL 6,A3,1:1,
D:\01. MR BROWN\01. CONG VIEC\00. TL_MT Expressway\02. Package 1,2,4\01. Fully worked-out 121210 _ new\Flyover 2\04. Slope protection of Abut\OP2.dwg,Layout1,12/18/2010 4:24:54 PM,Admin,HP LaserJet 5100 PCL 6,A3,1:1,
D:\01. MR BROWN\01. CONG VIEC\00. TL_MT Expressway\02. Package 1,2,4\01. Fully worked-out 121210 _ new\Flyover 2\04. Slope protection of Abut\OP2.dwg,Layout1,12/18/2010 4:25:10 PM,Admin,HP LaserJet 5100 PCL 6,A3,1:1,
D:\01. MR BROWN\01. CONG VIEC\00. TL_MT Expressway\02. Package 1,2,4\01. Fully worked-out 121210 _ new\Flyover 2\04. Slope protection of Abut\OP2.dwg,Layout1,12/18/2010 4:25:27 PM,Admin,HP LaserJet 5100 PCL 6,A3,1:1,
D:\01. MR BROWN\01. CONG VIEC\00. TL_MT Expressway\02. Package 1,2,4\01. Fully worked-out 121210 _ new\Flyover 6\04. Slope protection of Abut\Slope protection of Abut OP6.dwg,Layout1,12/18/2010 4:27:01 PM,Admin,HP LaserJet 5100 PCL 6,A3,1:1,
D:\01. MR BROWN\01. CONG VIEC\00. TL_MT Expressway\02. Package 1,2,4\01. Fully worked-out 121210 _ new\Flyover 6\04. Slope protection of Abut\Slope protection of Abut OP6.dwg,Layout1,12/18/2010 4:27:17 PM,Admin,HP LaserJet 5100 PCL 6,A3,1:1,
D:\01. MR BROWN\01. CONG VIEC\00. TL_MT Expressway\02. Package 1,2,4\01. Fully worked-out 121210 _ new\Flyover 6\04. Slope protection of Abut\Slope protection of Abut OP6.dwg,Layout1,12/18/2010 4:27:28 PM,Admin,HP LaserJet 5100 PCL 6,A3,1:1,
D:\01. MR BROWN\01. CONG VIEC\00. TL_MT Expressway\02. Package 1,2,4\01. Fully worked-out 121210 _ new\Flyover 2\02. Transition Slab\Transition Slab _ OP2.dwg,OP2,12/18/2010 4:31:26 PM,Admin,HP LaserJet 5100 PCL 6,A3,1:1,
D:\01. MR BROWN\01. CONG VIEC\00. TL_MT Expressway\02. Package 1,2,4\01. Fully worked-out 121210 _ new\Flyover 6\02. Transition Slab\Transition Slab _ OP6.dwg,OP6,12/18/2010 4:32:52 PM,Admin,HP LaserJet 5100 PCL 6,A3,1:1,
D:\01. MR BROWN\01. CONG VIEC\00. TL_MT Expressway\02. Package 1,2,4\01. Fully worked-out 121210 _ new\Flyover 4\02. Transition Slab\Transition Slab _ OP4.dwg,OP3,12/18/2010 4:39:46 PM,Admin,HP LaserJet 5100 PCL 6,A3,1:1,
D:\01. MR BROWN\01. CONG VIEC\00. TL_MT Expressway\02. Package 1,2,4\01. Fully worked-out 121210 _ new\Flyover 4\03. Railing-Drainage-Lighting\Parapet-Drainage-Lighting OP4.dwg,OP3-4,12/18/2010 4:40:31 PM,Admin,HP LaserJet 5100 PCL 6,A3,1:1,
D:\01. MR BROWN\01. CONG VIEC\00. TL_MT Expressway\02. Package 1,2,4\01. Fully worked-out 121210 _ new\Flyover 4\03. Railing-Drainage-Lighting\Parapet-Drainage-Lighting OP4.dwg,OP3-4,12/18/2010 4:40:46 PM,Admin,HP LaserJet 5100 PCL 6,A3,1:1,
D:\01. MR BROWN\01. CONG VIEC\00. TL_MT Expressway\02. Package 1,2,4\01. Fully worked-out 121210 _ new\Flyover 4\03. Railing-Drainage-Lighting\Parapet-Drainage-Lighting OP4.dwg,OP3-4,12/18/2010 4:41:07 PM,Admin,HP LaserJet 5100 PCL 6,A3,1:1,
D:\01. MR BROWN\01. CONG VIEC\00. TL_MT Expressway\02. Package 1,2,4\01. Fully worked-out 121210 _ new\Flyover 4\03. Railing-Drainage-Lighting\Parapet-Drainage-Lighting OP4.dwg,OP3-4,12/18/2010 4:41:23 PM,Admin,HP LaserJet 5100 PCL 6,A3,1:1,
D:\01. MR BROWN\01. CONG VIEC\00. TL_MT Expressway\02. Package 1,2,4\01. Fully worked-out 121210 _ new\Flyover 4\02. Transition Slab\Transition Slab _ OP4.dwg,OP3,12/18/2010 4:43:11 PM,Admin,HP LaserJet 5100 PCL 6,A3,1:1,
D:\01. MR BROWN\01. CONG VIEC\00. TL_MT Expressway\02. Package 1,2,4\01. Fully worked-out 121210 _ new\Flyover 3\03. Railing-Drainage-Lighting\Parapet-Drainage-Lighting OP3.dwg,OP3-4,12/20/2010 9:29:26 AM,Admin,HP LaserJet 5100 PCL 6,A3,1:1,
D:\01. MR BROWN\01. CONG VIEC\00. TL_MT Expressway\02. Package 1,2,4\01. Fully worked-out 121210 _ new\Flyover 4\03. Railing-Drainage-Lighting\Parapet-Drainage-Lighting OP4.dwg,OP3-4,12/20/2010 9:31:17 AM,Admin,HP LaserJet 5100 PCL 6,A3,1:1,
D:\01. MR BROWN\01. CONG VIEC\00. TL_MT Expressway\02. Package 1,2,4\01. Fully worked-out 121210 _ new\Flyover 3\04. Slope protection of Abut\Slope protection of Abut OP3.dwg,Layout1,12/20/2010 1:28:50 PM,Admin,HP LaserJet 5100 PCL 6,A3,1:1,
D:\01. MR BROWN\01. CONG VIEC\00. TL_MT Expressway\02. Package 1,2,4\01. Fully worked-out 121210 _ new\Flyover 4\04. Slope protection of Abut\Slope protection of Abut OP4.dwg,op4,12/20/2010 1:30:45 PM,Admin,HP LaserJet 5100 PCL 6,A3,1:1,
D:\01. MR BROWN\01. CONG VIEC\00. TL_MT Expressway\02. Package 1,2,4\01. Fully worked-out 121210 _ new\Flyover 2\04. Slope protection of Abut\lan n\Slope of Abut op2.dwg,Layout1,12/21/2010 7:24:22 PM,Admin,HP LaserJet 5100 PCL 6,A3,1:1,
D:\01. MR BROWN\01. CONG VIEC\00. TL_MT Expressway\02. Package 1,2,4\01. Fully worked-out 121210 _ new\Flyover 2\04. Slope protection of Abut\lan n\Slope of Abut op2.dwg,Layout1,12/21/2010 7:25:24 PM,Admin,HP LaserJet 5100 PCL 6,A3,1:1,
D:\01. MR BROWN\01. CONG VIEC\00. TL_MT Expressway\02. Package 1,2,4\01. Fully worked-out 121210 _ new\Flyover 2\01. Expansion Joint\Expansion Joint 16cm _ Box Girder_2.dwg,1,12/21/2010 7:28:35 PM,Admin,HP LaserJet 5100 PCL 6,A3,1:1,
D:\01. MR BROWN\01. CONG VIEC\00. TL_MT Expressway\02. Package 1,2,4\01. Fully worked-out 121210 _ new\Flyover 2\02. Transition Slab\Transition Slab _ OP2.dwg,OP2,12/21/2010 7:31:01 PM,Admin,HP LaserJet 5100 PCL 6,A3,1:1,
D:\01. MR BROWN\01. CONG VIEC\00. TL_MT Expressway\02. Package 1,2,4\01. Fully worked-out 121210 _ new\Flyover 2\03. Railing_drainage_Lighting\Parapet-Drainage-Lighting OP2.dwg,OP2,12/21/2010 7:35:39 PM,Admin,HP LaserJet 5100 PCL 6,A3,1:1,
D:\01. MR BROWN\01. CONG VIEC\00. TL_MT Expressway\02. Package 1,2,4\01. Fully worked-out 121210 _ new\Flyover 2\03. Railing_drainage_Lighting\Parapet-Drainage-Lighting OP2.dwg,OP2,12/21/2010 7:35:59 PM,Admin,HP LaserJet 5100 PCL 6,A3,1:1,
D:\01. MR BROWN\01. CONG VIEC\00. TL_MT Expressway\02. Package 1,2,4\01. Fully worked-out 121210 _ new\Flyover 2\03. Railing_drainage_Lighting\Parapet-Drainage-Lighting OP2.dwg,OP2,12/21/2010 7:36:14 PM,Admin,HP LaserJet 5100 PCL 6,A3,1:1,
D:\01. MR BROWN\01. CONG VIEC\00. TL_MT Expressway\02. Package 1,2,4\01. Fully worked-out 121210 _ new\Flyover 6\01. Expansion joint\Expansion Joint OP6.dwg,OP6,12/21/2010 7:41:11 PM,Admin,HP LaserJet 5100 PCL 6,A3,1:1,
D:\01. MR BROWN\01. CONG VIEC\00. TL_MT Expressway\02. Package 1,2,4\01. Fully worked-out 121210 _ new\Flyover 2\04. Slope protection of Abut\lan n\Slope of Abut op2.dwg,Layout1,12/22/2010 10:35:16 AM,Admin,HP LaserJet 5100 PCL 6,A3,1:1,
D:\01. MR BROWN\01. CONG VIEC\00. TL_MT Expressway\02. Package 1,2,4\01. Fully worked-out 121210 _ new\Flyover 2\04. Slope protection of Abut\lan n\Slope of Abut op2.dwg,Layout1,12/22/2010 10:35:29 AM,Admin,HP LaserJet 5100 PCL 6,A3,1:1,
D:\01. MR BROWN\01. CONG VIEC\00. TL_MT Expressway\02. Package 1,2,4\01. Fully worked-out 121210 _ new\Flyover 2\03. Railing_drainage_Lighting\Parapet-Drainage-Lighting OP2.dwg,OP2,12/22/2010 10:37:59 AM,Admin,HP LaserJet 5100 PCL 6,A3,1:1,
D:\01. MR BROWN\01. CONG VIEC\00. TL_MT Expressway\02. Package 1,2,4\01. Fully worked-out 121210 _ new\Flyover 2\03. Railing_drainage_Lighting\Parapet-Drainage-Lighting OP2.dwg,OP2,12/22/2010 10:40:47 AM,Admin,HP LaserJet 5100 PCL 6,A3,1:1,
D:\01. MR BROWN\01. CONG VIEC\00. TL_MT Expressway\02. Package 1,2,4\01. Fully worked-out 121210 _ new\Flyover 2\03. Railing_drainage_Lighting\Parapet-Drainage-Lighting OP2.dwg,OP2,12/22/2010 10:41:09 AM,Admin,HP LaserJet 5100 PCL 6,A3,1:1,
D:\01. MR BROWN\01. CONG VIEC\00. TL_MT Expressway\02. Package 1,2,4\01. Fully worked-out 121210 _ new\Flyover 2\03. Railing_drainage_Lighting\Parapet-Drainage-Lighting OP2.dwg,OP2,12/22/2010 10:41:30 AM,Admin,HP LaserJet 5100 PCL 6,A3,1:1,
D:\01. MR BROWN\01. CONG VIEC\00. TL_MT Expressway\02. Package 1,2,4\01. Fully worked-out 121210 _ new\Flyover 6\01. Expansion joint\Expansion Joint OP6.dwg,OP6,12/22/2010 10:46:26 AM,Admin,HP LaserJet 5100 PCL 6,A3,1:1,
D:\01. MR BROWN\01. CONG VIEC\00. TL_MT Expressway\02. Package 1,2,4\01. Fully worked-out 121210 _ new\Flyover 6\02. Transition Slab\Transition Slab _ OP6.dwg,OP6,12/22/2010 10:48:34 AM,Admin,HP LaserJet 5100 PCL 6,A3,1:1,
D:\01. MR BROWN\01. CONG VIEC\00. TL_MT Expressway\02. Package 1,2,4\01. Fully worked-out 121210 _ new\Flyover 6\03. Railing-Drainage-Lighting\Parapet-Drainage-Lighting OP6.dwg,OP6,12/22/2010 11:01:07 AM,Admin,HP LaserJet 5100 PCL 6,A3,1:1,
D:\01. MR BROWN\01. CONG VIEC\00. TL_MT Expressway\02. Package 1,2,4\01. Fully worked-out 121210 _ new\Flyover 6\03. Railing-Drainage-Lighting\Parapet-Drainage-Lighting OP6.dwg,OP6,12/22/2010 11:01:36 AM,Admin,HP LaserJet 5100 PCL 6,A3,1:1,
D:\01. MR BROWN\01. CONG VIEC\00. TL_MT Expressway\02. Package 1,2,4\01. Fully worked-out 121210 _ new\Flyover 6\03. Railing-Drainage-Lighting\Parapet-Drainage-Lighting OP6.dwg,OP6,12/22/2010 11:01:55 AM,Admin,HP LaserJet 5100 PCL 6,A3,1:1,
D:\01. MR BROWN\01. CONG VIEC\00. TL_MT Expressway\02. Package 1,2,4\01. Fully worked-out 121210 _ new\Flyover 6\03. Railing-Drainage-Lighting\Parapet-Drainage-Lighting OP6.dwg,OP6,12/22/2010 11:02:29 AM,Admin,HP LaserJet 5100 PCL 6,A3,1:1,
D:\01. MR BROWN\01. CONG VIEC\00. TL_MT Expressway\02. Package 1,2,4\01. Fully worked-out 121210 _ new\Flyover 3\04. Slope protection of Abut\Slope protection of Abut OP3.dwg,Layout1,12/23/2010 4:17:00 PM,Admin,HP LaserJet 5100 PCL 6,A3,1:1,
D:\01. MR BROWN\01. CONG VIEC\00. TL_MT Expressway\02. Package 1,2,4\01. Fully worked-out 121210 _ new\Flyover 3\04. Slope protection of Abut\Slope protection of Abut OP3.dwg,Layout1,12/23/2010 4:17:12 PM,Admin,HP LaserJet 5100 PCL 6,A3,1:1,
D:\01. MR BROWN\01. CONG VIEC\00. TL_MT Expressway\02. Package 1,2,4\01. Fully worked-out 121210 _ new\Flyover 4\01. Expansion joint\Expansion Joint OP4.dwg,Layout1,12/23/2010 4:18:44 PM,Admin,HP LaserJet 5100 PCL 6,A3,1:1,
D:\01. MR BROWN\01. CONG VIEC\00. TL_MT Expressway\02. Package 1,2,4\01. Fully worked-out 121210 _ new\Flyover 4\02. Transition Slab\Transition Slab _ OP4.dwg,OP3,12/23/2010 4:21:47 PM,Admin,HP LaserJet 5100 PCL 6,A3,1:1,
D:\01. MR BROWN\01. CONG VIEC\00. TL_MT Expressway\02. Package 1,2,4\01. Fully worked-out 121210 _ new\Flyover 4\04. Slope protection of Abut\Slope protection of Abut OP4.dwg,op4,12/23/2010 4:22:16 PM,Admin,HP LaserJet 5100 PCL 6,A3,1:1,
D:\01. MR BROWN\01. CONG VIEC\00. TL_MT Expressway\02. Package 1,2,4\01. Fully worked-out 121210 _ new\Flyover 4\04. Slope protection of Abut\Slope protection of Abut OP4.dwg,op4,12/23/2010 4:22:33 PM,Admin,HP LaserJet 5100 PCL 6,A3,1:1,
D:\01. MR BROWN\01. CONG VIEC\00. TL_MT Expressway\02. Package 1,2,4\01. Fully worked-out 121210 _ new\Flyover 3\03. Railing-Drainage-Lighting\Parapet-Drainage-Lighting OP3.dwg,OP3,12/23/2010 4:30:48 PM,Admin,HP LaserJet 5100 PCL 6,A3,1:1,
D:\01. MR BROWN\01. CONG VIEC\00. TL_MT Expressway\02. Package 1,2,4\01. Fully worked-out 121210 _ new\Flyover 4\03. Railing-Drainage-Lighting\Parapet-Drainage-Lighting OP4 new 2.dwg,OP4,12/23/2010 4:31:23 PM,Admin,HP LaserJet 5100 PCL 6,A3,1:1,
D:\01. MR BROWN\01. CONG VIEC\00. TL_MT Expressway\02. Package 1,2,4\01. Fully worked-out 121210 _ new\Flyover 2\03. Railing_drainage_Lighting\Parapet-Drainage-Lighting OP2.dwg,OP2,12/24/2010 8:50:03 AM,Admin,HP LaserJet 5100 PCL 6,A3,1:1,
D:\01. MR BROWN\01. CONG VIEC\00. TL_MT Expressway\02. Package 1,2,4\01. Fully worked-out 121210 _ new\Flyover 2\03. Railing_drainage_Lighting\Parapet-Drainage-Lighting OP2.dwg,OP2,12/24/2010 8:50:31 AM,Admin,HP LaserJet 5100 PCL 6,A3,1:1,
D:\01. MR BROWN\01. CONG VIEC\00. TL_MT Expressway\02. Package 1,2,4\01. Fully worked-out 121210 _ new\Flyover 2\03. Railing_drainage_Lighting\Parapet-Drainage-Lighting OP2.dwg,OP2,12/24/2010 8:50:44 AM,Admin,HP LaserJet 5100 PCL 6,A3,1:1,
D:\01. MR BROWN\01. CONG VIEC\00. TL_MT Expressway\02. Package 1,2,4\01. Fully worked-out 121210 _ new\Flyover 2\03. Railing_drainage_Lighting\Parapet-Drainage-Lighting OP2.dwg,OP2,12/24/2010 8:51:01 AM,Admin,HP LaserJet 5100 PCL 6,A3,1:1,
D:\01. MR BROWN\01. CONG VIEC\00. TL_MT Expressway\02. Package 1,2,4\01. Fully worked-out 121210 _ new\Flyover 2\03. Railing_drainage_Lighting\Parapet-Drainage-Lighting OP2.dwg,OP2,12/24/2010 8:51:41 AM,Admin,HP LaserJet 5100 PCL 6,A3,1:1,
D:\01. MR BROWN\01. CONG VIEC\00. TL_MT Expressway\02. Package 1,2,4\01. Fully worked-out 121210 _ new\Flyover 6\03. Railing-Drainage-Lighting\Parapet-Drainage-Lighting OP6 new1.dwg,OP2,12/24/2010 8:52:30 AM,Admin,HP LaserJet 5100 PCL 6,A3,1:1,
D:\01. MR BROWN\01. CONG VIEC\00. TL_MT Expressway\02. Package 1,2,4\01. Fully worked-out 121210 _ new\Flyover 6\03. Railing-Drainage-Lighting\Parapet-Drainage-Lighting OP6 new1.dwg,OP2,12/24/2010 8:52:47 AM,Admin,HP LaserJet 5100 PCL 6,A3,1:1,
D:\01. MR BROWN\01. CONG VIEC\00. TL_MT Expressway\02. Package 1,2,4\01. Fully worked-out 121210 _ new\Flyover 6\03. Railing-Drainage-Lighting\Parapet-Drainage-Lighting OP6 new1.dwg,OP2,12/24/2010 8:53:03 AM,Admin,HP LaserJet 5100 PCL 6,A3,1:1,
D:\01. MR BROWN\01. CONG VIEC\00. TL_MT Expressway\02. Package 1,2,4\01. Fully worked-out 121210 _ new\Flyover 6\03. Railing-Drainage-Lighting\Parapet-Drainage-Lighting OP6 new1.dwg,OP2,12/24/2010 8:53:26 AM,Admin,HP LaserJet 5100 PCL 6,A3,1:1,
D:\01. MR BROWN\01. CONG VIEC\00. TL_MT Expressway\02. Package 1,2,4\01. Fully worked-out 121210 _ new\Flyover 6\03. Railing-Drainage-Lighting\Parapet-Drainage-Lighting OP6 new1.dwg,OP2,12/24/2010 8:53:43 AM,Admin,HP LaserJet 5100 PCL 6,A3,1:1,
D:\01. MR BROWN\01. CONG VIEC\00. TL_MT Expressway\02. Package 1,2,4\01. Fully worked-out 121210 _ new\SPT\Op4 17.12 NAU\OP4-1 va OP4-8.dwg,Model,12/24/2010 2:37:35 PM,Admin,HP LaserJet 5100 PCL 6,A4,1:1.40401,
D:\01. MR BROWN\01. CONG VIEC\00. TL_MT Expressway\02. Package 1,2,4\01. Fully worked-out 121210 _ new\SPT\Op4 17.12 NAU\OP4-1 va OP4-8.dwg,Model,12/24/2010 2:38:03 PM,Admin,HP LaserJet 5100 PCL 6,A4,1:1.39201,
H:\00. nau\01. Fully worked-out 121210 _ new\Flyover 3\04. Slope protection of Abut\Slope protection of Abut OP3.dwg,Layout1,12/28/2010 4:50:43 PM,Admin,HP LaserJet 5100 PCL 6,A3,1:1,
H:\00. nau\01. Fully worked-out 121210 _ new\Flyover 3\04. Slope protection of Abut\Slope protection of Abut OP3.dwg,Layout1,12/28/2010 4:50:57 PM,Admin,HP LaserJet 5100 PCL 6,A3,1:1,
H:\00. nau\01. Fully worked-out 121210 _ new\Flyover 4\04. Slope protection of Abut\Slope protection of Abut OP4.dwg,op4,12/28/2010 5:02:16 PM,Admin,HP LaserJet 5100 PCL 6,A3,1:1,
H:\00. nau\01. Fully worked-out 121210 _ new\Flyover 4\04. Slope protection of Abut\Slope protection of Abut OP4.dwg,op4,12/28/2010 5:02:28 PM,Admin,HP LaserJet 5100 PCL 6,A3,1:1,
H:\00. nau\01. Fully worked-out 121210 _ new\Flyover 3\04. Slope protection of Abut\Slope protection of Abut OP3.dwg,Layout1,12/28/2010 5:07:58 PM,Admin,HP LaserJet 5100 PCL 6,A3,1:1,
H:\00. nau\01. Fully worked-out 121210 _ new\Flyover 3\04. Slope protection of Abut\Slope protection of Abut OP3.dwg,Layout1,12/28/2010 5:08:26 PM,Admin,HP LaserJet 5100 PCL 6,A3,1:1,
H:\00. nau\01. Fully worked-out 121210 _ new\Flyover 4\04. Slope protection of Abut\Slope protection of Abut OP4.dwg,op4,12/28/2010 5:09:02 PM,Admin,HP LaserJet 5100 PCL 6,A3,1:1,
H:\00. nau\01. Fully worked-out 121210 _ new\Flyover 4\04. Slope protection of Abut\Slope protection of Abut OP4.dwg,op4,12/28/2010 5:09:19 PM,Admin,HP LaserJet 5100 PCL 6,A3,1:1,
D:\01. MR BROWN\01. CONG VIEC\00. TL_MT Expressway\02. Package 1,2,4\01. Fully worked-out 121210 _ new\Flyover 2\05. Traffic safety\Traffic safety op2_ trang den.dwg,op2,12/29/2010 10:39:23 AM,Admin,HP LaserJet 5100 PCL 6,A3,1:1,
D:\01. MR BROWN\01. Work\00. TL_MT Expressway\03. Package 5,6\00. Nau thuc hien\03. Parapet_Drainage_Lighting\Parapet.dwg,Ca mau,1/27/2011 10:34:00 AM,Admin,HP LaserJet 5100 PCL 6,A3,1:0.923496,
D:\01. MR BROWN\01. Work\00. TL_MT Expressway\03. Package 5,6\000. Gom file hoan chinh\02. Binh Phu 1 Bridge\Earthwork Slope Protection of Abut_BP1_lan 2.dwg,Layout1,2/18/2011 4:27:45 PM,Admin,HP LaserJet 5100 PCL 6,A3,1:1.02961,
D:\01. MR BROWN\01. Work\00. TL_MT Expressway\03. Package 5,6\000. Gom file hoan chinh\02. Binh Phu 1 Bridge\Earthwork Slope Protection of Abut_BP1_lan 2.dwg,Layout1,2/18/2011 4:27:58 PM,Admin,HP LaserJet 5100 PCL 6,A3,1:1.02961,
D:\01. MR BROWN\01. Work\00. TL_MT Expressway\03. Package 5,6\000. Gom file hoan chinh\02. Binh Phu 1 Bridge\Earthwork Slope Protection of Abut_BP1_lan 2.dwg,Layout1,2/18/2011 4:28:34 PM,Admin,HP LaserJet 5100 PCL 6,A3,1:1.02961,
D:\01. MR BROWN\01. Work\00. TL_MT Expressway\03. Package 5,6\00. Nau thuc hien\05.The Fence.dwg,OP2,2/22/2011 10:49:33 AM,Admin,HP LaserJet 5100 PCL 6,A3,1:1.02961,
D:\01. MR BROWN\01. Work\00. TL_MT Expressway\03. Package 5,6\00. Nau thuc hien\05.The Fence.dwg,OP2,2/22/2011 11:02:57 AM,Admin,HP LaserJet 5100 PCL 6,A3,1:1.02961,
D:\01. MR BROWN\01. Work\00. TL_MT Expressway\03. Package 5,6\00. Nau thuc hien\05.The Fence.dwg,OP2,2/22/2011 11:04:51 AM,Admin,HP LaserJet 5100 PCL 6,A3,1:1.02961,
D:\01. MR BROWN\01. Work\00. TL_MT Expressway\03. Package 5,6\00. Nau thuc hien\05. The Fence\05.The Fence.dwg,OP2,2/22/2011 3:51:22 PM,Admin,HP LaserJet 5100 PCL 6,A3,1:1.02961,
D:\01. MR BROWN\01. Work\00. TL_MT Expressway\03. Package 5,6\000. Gom file hoan chinh\01. Ca mau Bridge\Drainage-Lighting-Median strip.dwg,Camau,2/23/2011 3:04:56 PM,Admin,HP LaserJet 5100 PCL 6,A4,1:1.47402,
D:\01. MR BROWN\01. Work\00. TL_MT Expressway\03. Package 5,6\000. Gom file hoan chinh\01. Ca mau Bridge\Drainage-Lighting-Median strip.dwg,Camau,2/23/2011 3:05:08 PM,Admin,HP LaserJet 5100 PCL 6,A4,1:1.47402,
D:\01. MR BROWN\01. Work\00. TL_MT Expressway\03. Package 5,6\000. Gom file hoan chinh\01. Ca mau Bridge\Drainage-Lighting-Median strip.dwg,Camau,2/23/2011 3:05:20 PM,Admin,HP LaserJet 5100 PCL 6,A4,1:1.47402,
D:\01. MR BROWN\01. Work\00. TL_MT Expressway\03. Package 5,6\000. Gom file hoan chinh\01. Ca mau Bridge\Earthwork Slope Protection of Abut.dwg,Layout1,2/23/2011 3:06:16 PM,Admin,HP LaserJet 5100 PCL 6,A4,1:1.47402,
D:\01. MR BROWN\01. Work\00. TL_MT Expressway\03. Package 5,6\000. Gom file hoan chinh\01. Ca mau Bridge\Earthwork Slope Protection of Abut.dwg,Layout1,2/23/2011 3:06:28 PM,Admin,HP LaserJet 5100 PCL 6,A4,1:1.47402,
D:\01. MR BROWN\01. Work\00. TL_MT Expressway\03. Package 5,6\000. Gom file hoan chinh\01. Ca mau Bridge\Expansion Joint 8cm.dwg,Camau,2/23/2011 3:13:51 PM,Admin,HP LaserJet 5100 PCL 6,A3,1:1.03,
D:\01. MR BROWN\01. Work\00. TL_MT Expressway\03. Package 5,6\000. Gom file hoan chinh\01. Ca mau Bridge\Transition Slab.dwg,Ca mau,2/23/2011 3:14:33 PM,Admin,HP LaserJet 5100 PCL 6,A3,1:1.03,
D:\01. MR BROWN\01. Work\00. TL_MT Expressway\03. Package 5,6\000. Gom file hoan chinh\01. Ca mau Bridge\Detail of Parapet.dwg,Ca mau,2/23/2011 3:15:24 PM,Admin,HP LaserJet 5100 PCL 6,A3,1:1.03,
D:\01. MR BROWN\01. Work\00. TL_MT Expressway\03. Package 5,6\000. Gom file hoan chinh\01. Ca mau Bridge\Drainage-Lighting-Median strip.dwg,Camau,2/23/2011 3:15:57 PM,Admin,HP LaserJet 5100 PCL 6,A3,1:1.03,
D:\01. MR BROWN\01. Work\00. TL_MT Expressway\03. Package 5,6\000. Gom file hoan chinh\01. Ca mau Bridge\Drainage-Lighting-Median strip.dwg,Camau,2/23/2011 3:16:26 PM,Admin,HP LaserJet 5100 PCL 6,A3,1:1.03,
D:\01. MR BROWN\01. Work\00. TL_MT Expressway\03. Package 5,6\000. Gom file hoan chinh\01. Ca mau Bridge\Drainage-Lighting-Median strip.dwg,Camau,2/23/2011 3:16:43 PM,Admin,HP LaserJet 5100 PCL 6,A3,1:1.03,
D:\01. MR BROWN\01. Work\00. TL_MT Expressway\03. Package 5,6\000. Gom file hoan chinh\01. Ca mau Bridge\Earthwork Slope Protection of Abut.dwg,Layout1,2/23/2011 3:17:08 PM,Admin,HP LaserJet 5100 PCL 6,A3,1:1.03,
D:\01. MR BROWN\01. Work\00. TL_MT Expressway\03. Package 5,6\000. Gom file hoan chinh\01. Ca mau Bridge\Earthwork Slope Protection of Abut.dwg,Layout1,2/23/2011 3:17:23 PM,Admin,HP LaserJet 5100 PCL 6,A3,1:1.03,
D:\01. MR BROWN\01. Work\96. Linh tinh\aaa\Bac Lieu 4\Thoai\BDHT_nau.dwg,Layout1,2/23/2011 3:48:21 PM,Admin,HP Designjet T1100ps 44in HPGL2.pc3,A1 (landscape),1:2.539,
D:\01. MR BROWN\01. Work\96. Linh tinh\aaa\Bac Lieu 4\Thoai\BDHT_nau.dwg,Layout1,2/23/2011 3:48:50 PM,Admin,HP Designjet T1100ps 44in HPGL2.pc3,A1 (landscape),1:2.539,
D:\01. MR BROWN\01. Work\96. Linh tinh\aaa\Bac Lieu 4\Thoai\BDHT_nau.dwg,Layout1,2/23/2011 3:49:29 PM,Admin,HP Designjet T1100ps 44in HPGL2.pc3,A1 (landscape),1:2.539,
D:\01. MR BROWN\01. Work\96. Linh tinh\aaa\Bac Lieu 4\Thoai\BDHT_nau.dwg,Layout1,2/23/2011 3:50:04 PM,Admin,HP Designjet T1100ps 44in HPGL2.pc3,A1 (landscape),1:2.539,
D:\01. MR BROWN\01. Work\96. Linh tinh\aaa\Bac Lieu 4\Thoai\BDHT_nau.dwg,Layout1,2/23/2011 3:50:43 PM,Admin,HP Designjet T1100ps 44in HPGL2.pc3,A1 (landscape),1:2.539,
D:\01. MR BROWN\01. Work\96. Linh tinh\aaa\Bac Lieu 4\Thoai\BDHT_nau.dwg,Layout1,2/23/2011 3:51:14 PM,Admin,HP Designjet T1100ps 44in HPGL2.pc3,A1 (landscape),1:2.539,
D:\01. MR BROWN\01. Work\96. Linh tinh\aaa\Bac Lieu 4\Thoai\BDHT_nau.dwg,Layout1,2/23/2011 3:51:36 PM,Admin,HP Designjet T1100ps 44in HPGL2.pc3,A1 (landscape),1:2.539,
D:\01. MR BROWN\01. Work\96. Linh tinh\aaa\Bac Lieu 4\Thoai\BDHT_nau.dwg,Layout1,2/23/2011 4:29:13 PM,Admin,HP Designjet T1100ps 44in HPGL2.pc3,A1 (landscape),1:2.539,
D:\01. MR BROWN\01. Work\96. Linh tinh\aaa\Bac Lieu 4\Thoai\BDHT_nau.dwg,Layout1,2/23/2011 4:29:42 PM,Admin,HP Designjet T1100ps 44in HPGL2.pc3,A1 (landscape),1:2.539,
D:\01. MR BROWN\01. Work\96. Linh tinh\aaa\Bac Lieu 4\Thoai\BDHT_nau.dwg,Layout1,2/23/2011 5:22:23 PM,Admin,HP Designjet T1100ps 44in HPGL2.pc3,A1 (landscape),1:2.539,
D:\01. MR BROWN\01. Work\96. Linh tinh\aaa\Bac Lieu 4\Thoai\BDHT_nau.dwg,Layout1,2/23/2011 5:22:50 PM,Admin,HP Designjet T1100ps 44in HPGL2.pc3,A1 (landscape),1:2.539,
D:\01. MR BROWN\01. Work\00. TL_MT Expressway\03. Package 5,6\000. Gom file hoan chinh\02. Binh Phu 1 Bridge\Drainage-Lighting-Median strip_BP1.dwg,Camau,2/24/2011 1:33:28 PM,Admin,HP LaserJet 5100 PCL 6,A3,1:1,
D:\01. MR BROWN\01. Work\00. TL_MT Expressway\03. Package 5,6\000. Gom file hoan chinh\02. Binh Phu 1 Bridge\Drainage-Lighting-Median strip_BP1.dwg,Camau,2/24/2011 1:34:02 PM,Admin,HP LaserJet 5100 PCL 6,A3,1:1,
D:\01. MR BROWN\01. Work\00. TL_MT Expressway\03. Package 5,6\000. Gom file hoan chinh\02. Binh Phu 1 Bridge\Drainage-Lighting-Median strip_BP1.dwg,Camau,2/24/2011 1:34:15 PM,Admin,HP LaserJet 5100 PCL 6,A3,1:1,
D:\01. MR BROWN\01. Work\00. TL_MT Expressway\03. Package 5,6\000. Gom file hoan chinh\02. Binh Phu 1 Bridge\Earthwork Slope Protection of Abut_BP1_lan 2.dwg,Layout1,2/24/2011 1:35:13 PM,Admin,HP LaserJet 5100 PCL 6,A3,1:1,
D:\01. MR BROWN\01. Work\00. TL_MT Expressway\03. Package 5,6\000. Gom file hoan chinh\02. Binh Phu 1 Bridge\Earthwork Slope Protection of Abut_BP1_lan 2.dwg,Layout1,2/24/2011 1:35:25 PM,Admin,HP LaserJet 5100 PCL 6,A3,1:1,
D:\01. MR BROWN\01. Work\00. TL_MT Expressway\03. Package 5,6\000. Gom file hoan chinh\02. Binh Phu 1 Bridge\Earthwork Slope Protection of Abut_BP1_lan 2.dwg,Layout1,2/24/2011 1:35:42 PM,Admin,HP LaserJet 5100 PCL 6,A3,1:1,
D:\01. MR BROWN\01. Work\00. TL_MT Expressway\03. Package 5,6\000. Gom file hoan chinh\03. Binh Phu 2 Bridge\Expansion Joint 8cm.dwg,BP 2,2/24/2011 1:36:45 PM,Admin,HP LaserJet 5100 PCL 6,A3,1:1,
D:\01. MR BROWN\01. Work\00. TL_MT Expressway\03. Package 5,6\000. Gom file hoan chinh\03. Binh Phu 2 Bridge\Transition Slab_BP2.dwg,Binh phu 2,2/24/2011 1:46:23 PM,Admin,HP LaserJet 5100 PCL 6,A3,1:1,
D:\01. MR BROWN\01. Work\00. TL_MT Expressway\03. Package 5,6\000. Gom file hoan chinh\03. Binh Phu 2 Bridge\Detail of Parapet_BP2.dwg,Binh Phu 2,2/24/2011 1:47:04 PM,Admin,HP LaserJet 5100 PCL 6,A3,1:1,
D:\01. MR BROWN\01. Work\00. TL_MT Expressway\03. Package 5,6\000. Gom file hoan chinh\03. Binh Phu 2 Bridge\Drainage-Lighting-Median strip_BP2.dwg,Binh Phu 2,2/24/2011 1:48:46 PM,Admin,HP LaserJet 5100 PCL 6,A3,1:1,
D:\01. MR BROWN\01. Work\00. TL_MT Expressway\03. Package 5,6\000. Gom file hoan chinh\03. Binh Phu 2 Bridge\Drainage-Lighting-Median strip_BP2.dwg,Binh Phu 2,2/24/2011 1:49:12 PM,Admin,HP LaserJet 5100 PCL 6,A3,1:1,
D:\01. MR BROWN\01. Work\00. TL_MT Expressway\03. Package 5,6\000. Gom file hoan chinh\03. Binh Phu 2 Bridge\Earthwork Slope Protection of Abut_BP2.dwg,Layout1,2/24/2011 1:52:22 PM,Admin,HP LaserJet 5100 PCL 6,A3,1:1,
D:\01. MR BROWN\01. Work\00. TL_MT Expressway\03. Package 5,6\000. Gom file hoan chinh\03. Binh Phu 2 Bridge\Earthwork Slope Protection of Abut_BP2.dwg,Layout1,2/24/2011 1:52:34 PM,Admin,HP LaserJet 5100 PCL 6,A3,1:1,
D:\01. MR BROWN\01. Work\00. TL_MT Expressway\03. Package 5,6\000. Gom file hoan chinh\02. Binh Phu 1 Bridge\Transition Slab_BP1.dwg,Binh phu 1 + Kenh moi,2/24/2011 1:59:29 PM,Admin,HP LaserJet 5100 PCL 6,A3,1:1,
D:\01. MR BROWN\01. Work\00. TL_MT Expressway\03. Package 5,6\000. Gom file hoan chinh\02. Binh Phu 1 Bridge\Drainage-Lighting-Median strip_BP1.dwg,Camau,2/24/2011 2:20:00 PM,Admin,HP LaserJet 5100 PCL 6,A3,1:1,
D:\01. MR BROWN\01. Work\00. TL_MT Expressway\03. Package 5,6\000. Gom file hoan chinh\02. Binh Phu 1 Bridge\Drainage-Lighting-Median strip_BP1.dwg,Camau,2/24/2011 2:20:14 PM,Admin,HP LaserJet 5100 PCL 6,A3,1:1,
D:\01. MR BROWN\01. Work\00. TL_MT Expressway\03. Package 5,6\000. Gom file hoan chinh\03. Binh Phu 2 Bridge\Drainage-Lighting-Median strip_BP2.dwg,Binh Phu 2,2/24/2011 2:22:18 PM,Admin,HP LaserJet 5100 PCL 6,A3,1:1,
D:\01. MR BROWN\01. Work\00. TL_MT Expressway\03. Package 5,6\000. Gom file hoan chinh\03. Binh Phu 2 Bridge\Drainage-Lighting-Median strip_BP2.dwg,Binh Phu 2,2/24/2011 2:22:51 PM,Admin,HP LaserJet 5100 PCL 6,A3,1:1,
D:\01. MR BROWN\01. Work\00. TL_MT Expressway\03. Package 5,6\00. Nau thuc hien\07. 3 cau moi\CAU 1_gan Kenh Moi 1.dwg,BTC1-2,2/28/2011 4:04:45 PM,Admin,HP LaserJet 5100 PCL 6,A3,1:1,
D:\01. MR BROWN\01. Work\00. TL_MT Expressway\03. Package 5,6\00. Nau thuc hien\07. 3 cau moi\CAU 1_gan Kenh Moi 1.dwg,BTC1-2,2/28/2011 4:06:24 PM,Admin,HP LaserJet 5100 PCL 6,A3,1:1,
D:\01. MR BROWN\01. Work\00. TL_MT Expressway\03. Package 5,6\00. Nau thuc hien\07. 3 cau moi\CAU 2_gan Kenh Moi 2.dwg,BTC1-2,2/28/2011 4:06:51 PM,Admin,HP LaserJet 5100 PCL 6,A3,1:1,
D:\01. MR BROWN\01. Work\00. TL_MT Expressway\03. Package 5,6\00. Nau thuc hien\07. 3 cau moi\CAU 2_gan Kenh Moi 2.dwg,BTC1-2,2/28/2011 4:07:47 PM,Admin,HP LaserJet 5100 PCL 6,A3,1:1,
D:\01. MR BROWN\01. Work\00. TL_MT Expressway\03. Package 5,6\00. Nau thuc hien\07. 3 cau moi\CAU 3.dwg,BTC1-2,2/28/2011 4:08:08 PM,Admin,HP LaserJet 5100 PCL 6,A3,1:1,
D:\01. MR BROWN\01. Work\00. TL_MT Expressway\03. Package 5,6\00. Nau thuc hien\07. 3 cau moi\CAU 3.dwg,BTC1-2,2/28/2011 4:08:21 PM,Admin,HP LaserJet 5100 PCL 6,A3,1:1,
D:\01. MR BROWN\01. Work\00. TL_MT Expressway\03. Package 5,6\00. Nau thuc hien\05. The Fence\05.The Fence.dwg,OP2,3/15/2011 2:52:52 PM,Admin,HP LaserJet 5100 PCL 6,A3,1:1.02961,
D:\01. MR BROWN\01. Work\00. TL_MT Expressway\03. Package 5,6\00. Nau thuc hien\05. The Fence\05.The Fence.dwg,OP2,3/15/2011 3:23:36 PM,Admin,HP LaserJet 5100 PCL 6,A3,1:1.02961,
D:\01. MR BROWN\01. Work\00. TL_MT Expressway\04. Package 8,9,10,11,12\00. Nau thuc Hien\02. My Thien Bridge\Drainage-Lighting-Median strip.dwg,Camau,4/18/2011 9:00:34 AM,Admin,HP LaserJet 5100 PCL 6,A3,1:1.03,
D:\01. MR BROWN\01. Work\00. TL_MT Expressway\04. Package 8,9,10,11,12\00. Nau thuc Hien\02. My Thien Bridge\Drainage-Lighting-Median strip.dwg,Camau,4/18/2011 9:01:26 AM,Admin,HP LaserJet 5100 PCL 6,A3,1:1.03,
D:\01. MR BROWN\01. Work\00. TL_MT Expressway\04. Package 8,9,10,11,12\00. Nau thuc Hien\02. My Thien Bridge\Drainage-Lighting-Median strip.dwg,Camau,4/18/2011 9:01:51 AM,Admin,HP LaserJet 5100 PCL 6,A3,1:1.03,
D:\01. MR BROWN\01. Work\00. TL_MT Expressway\04. Package 8,9,10,11,12\00. Nau thuc Hien\03. Ba Nam Bridge\Expansion Joint 5cm.dwg,Ba Nam,4/18/2011 9:06:44 AM,Admin,HP LaserJet 5100 PCL 6,A3,1:1.03,
D:\01. MR BROWN\01. Work\00. TL_MT Expressway\04. Package 8,9,10,11,12\00. Nau thuc Hien\04. Ong Hung Bridge\Drainage-Lighting-Median strip.dwg,Camau,1/4/2002 8:57:58 PM,Admin,HP LaserJet 5100 PCL 6,A3,1:1,
D:\01. MR BROWN\01. Work\00. TL_MT Expressway\04. Package 8,9,10,11,12\00. Nau thuc Hien\04. Ong Hung Bridge\Drainage-Lighting-Median strip.dwg,Camau,1/4/2002 8:58:19 PM,Admin,HP LaserJet 5100 PCL 6,A3,1:1,
D:\01. MR BROWN\01. Work\00. TL_MT Expressway\04. Package 8,9,10,11,12\00. Nau thuc Hien\04. Ong Hung Bridge\Drainage-Lighting-Median strip.dwg,Camau,1/4/2002 8:58:37 PM,Admin,HP LaserJet 5100 PCL 6,A3,1:1,
D:\01. MR BROWN\01. Work\00. TL_MT Expressway\04. Package 8,9,10,11,12\00. Nau thuc Hien\05. My Duc Tay Bridge\Expansion Joint 5cm_70.dwg,My Duc Tay,1/4/2002 9:02:11 PM,Admin,HP LaserJet 5100 PCL 6,A3,1:1,
D:\01. MR BROWN\01. Work\00. TL_MT Expressway\04. Package 8,9,10,11,12\00. Nau thuc Hien\05. My Duc Tay Bridge\Transition Slab_70.dwg,My Duc Tay,1/4/2002 9:02:56 PM,Admin,HP LaserJet 5100 PCL 6,A3,1:1,
D:\01. MR BROWN\01. Work\00. TL_MT Expressway\04. Package 8,9,10,11,12\00. Nau thuc Hien\05. My Duc Tay Bridge\Detail of Parapet.dwg,Binh Phu 1,1/4/2002 9:04:02 PM,Admin,HP LaserJet 5100 PCL 6,A3,1:1,
D:\01. MR BROWN\01. Work\00. TL_MT Expressway\04. Package 8,9,10,11,12\00. Nau thuc Hien\05. My Duc Tay Bridge\Drainage-Lighting-Median strip_recover.dwg,Camau,1/4/2002 9:06:13 PM,Admin,HP LaserJet 5100 PCL 6,A3,1:1,
D:\01. MR BROWN\01. Work\00. TL_MT Expressway\04. Package 8,9,10,11,12\00. Nau thuc Hien\05. My Duc Tay Bridge\Drainage-Lighting-Median strip_recover.dwg,Camau,1/4/2002 9:06:33 PM,Admin,HP LaserJet 5100 PCL 6,A3,1:1,
D:\01. MR BROWN\01. Work\00. TL_MT Expressway\04. Package 8,9,10,11,12\00. Nau thuc Hien\05. My Duc Tay Bridge\Drainage-Lighting-Median strip_recover.dwg,Camau,1/4/2002 9:06:49 PM,Admin,HP LaserJet 5100 PCL 6,A3,1:1,
D:\01. MR BROWN\01. Work\00. TL_MT Expressway\04. Package 8,9,10,11,12\00. Nau thuc Hien\05. My Duc Tay Bridge\Earthwork Slope Protection of Abut _ MDT.dwg,Layout1,1/4/2002 9:07:35 PM,Admin,HP LaserJet 5100 PCL 6,A3,1:1,
D:\01. MR BROWN\01. Work\00. TL_MT Expressway\04. Package 8,9,10,11,12\00. Nau thuc Hien\05. My Duc Tay Bridge\Earthwork Slope Protection of Abut _ MDT.dwg,Layout1,1/4/2002 9:07:54 PM,Admin,HP LaserJet 5100 PCL 6,A3,1:1,
D:\01. MR BROWN\01. Work\00. TL_MT Expressway\04. Package 8,9,10,11,12\00. Nau thuc Hien\05. My Duc Tay Bridge\Signal of waterway 1.dwg,Layout1,1/4/2002 9:19:10 PM,Admin,HP LaserJet 5100 PCL 6,A3,1:1,
D:\01. MR BROWN\01. Work\00. TL_MT Expressway\04. Package 8,9,10,11,12\00. Nau thuc Hien\05. My Duc Tay Bridge\Signal of waterway 2.dwg,BTC1-2,1/4/2002 9:19:49 PM,Admin,HP LaserJet 5100 PCL 6,A3,1:1,
D:\01. MR BROWN\01. Work\00. TL_MT Expressway\04. Package 8,9,10,11,12\00. Nau thuc Hien\06. Rach Mieu Bridge\Expansion Joint 5cm_70.dwg,My Duc Tay,1/4/2002 9:42:59 PM,Admin,HP LaserJet 5100 PCL 6,A3,1:1,
D:\01. MR BROWN\01. Work\00. TL_MT Expressway\04. Package 8,9,10,11,12\00. Nau thuc Hien\06. Rach Mieu Bridge\Transition Slab_70.dwg,RACH MIEU,1/4/2002 9:44:04 PM,Admin,HP LaserJet 5100 PCL 6,A3,1:1,
D:\01. MR BROWN\01. Work\00. TL_MT Expressway\04. Package 8,9,10,11,12\00. Nau thuc Hien\06. Rach Mieu Bridge\Detail of Parapet.dwg,Binh Phu 1,1/4/2002 9:47:36 PM,Admin,HP LaserJet 5100 PCL 6,A3,1:1,
D:\01. MR BROWN\01. Work\00. TL_MT Expressway\04. Package 8,9,10,11,12\00. Nau thuc Hien\06. Rach Mieu Bridge\Drainage-Lighting-Median strip.dwg,Camau,1/4/2002 9:48:24 PM,Admin,HP LaserJet 5100 PCL 6,A3,1:1,
D:\01. MR BROWN\01. Work\00. TL_MT Expressway\04. Package 8,9,10,11,12\00. Nau thuc Hien\06. Rach Mieu Bridge\Drainage-Lighting-Median strip.dwg,Camau,1/4/2002 9:48:41 PM,Admin,HP LaserJet 5100 PCL 6,A3,1:1,
D:\01. MR BROWN\01. Work\00. TL_MT Expressway\04. Package 8,9,10,11,12\00. Nau thuc Hien\06. Rach Mieu Bridge\Drainage-Lighting-Median strip.dwg,Camau,1/4/2002 9:48:52 PM,Admin,HP LaserJet 5100 PCL 6,A3,1:1,
D:\01. MR BROWN\01. Work\00. TL_MT Expressway\04. Package 8,9,10,11,12\00. Nau thuc Hien\06. Rach Mieu Bridge\Earthwork Slope Protection of Abut _ RM.dwg,Layout1,1/4/2002 9:49:33 PM,Admin,HP LaserJet 5100 PCL 6,A3,1:1,
D:\01. MR BROWN\01. Work\00. TL_MT Expressway\04. Package 8,9,10,11,12\00. Nau thuc Hien\06. Rach Mieu Bridge\Earthwork Slope Protection of Abut _ RM.dwg,Layout1,1/4/2002 9:49:45 PM,Admin,HP LaserJet 5100 PCL 6,A3,1:1,
D:\01. MR BROWN\01. Work\00. TL_MT Expressway\04. Package 8,9,10,11,12\00. Nau thuc Hien\06. Rach Mieu Bridge\Signal of waterway 1.dwg,Layout1,1/4/2002 9:52:43 PM,Admin,HP LaserJet 5100 PCL 6,A3,1:1,
D:\01. MR BROWN\01. Work\00. TL_MT Expressway\04. Package 8,9,10,11,12\00. Nau thuc Hien\06. Rach Mieu Bridge\Signal of waterway 2.dwg,BTC1-2,1/4/2002 9:53:13 PM,Admin,HP LaserJet 5100 PCL 6,A3,1:1,
D:\01. MR BROWN\01. Work\00. TL_MT Expressway\04. Package 8,9,10,11,12\00. Nau thuc Hien\07. Bau Giai 1 Bridge\Expansion Joint 5cm.dwg,Ba Nam,1/4/2002 9:55:55 PM,Admin,HP LaserJet 5100 PCL 6,A3,1:1,
D:\01. MR BROWN\01. Work\00. TL_MT Expressway\04. Package 8,9,10,11,12\00. Nau thuc Hien\07. Bau Giai 1 Bridge\Transition Slab_90.dwg,Ba Nam,1/4/2002 9:57:26 PM,Admin,HP LaserJet 5100 PCL 6,A3,1:1,
D:\01. MR BROWN\01. Work\00. TL_MT Expressway\04. Package 8,9,10,11,12\00. Nau thuc Hien\07. Bau Giai 1 Bridge\Detail of Parapet.dwg,Binh Phu 1,1/4/2002 9:57:50 PM,Admin,HP LaserJet 5100 PCL 6,A3,1:1,
D:\01. MR BROWN\01. Work\00. TL_MT Expressway\04. Package 8,9,10,11,12\00. Nau thuc Hien\07. Bau Giai 1 Bridge\Drainage-Lighting-Median strip.dwg,Camau,1/4/2002 9:58:15 PM,Admin,HP LaserJet 5100 PCL 6,A3,1:1,
D:\01. MR BROWN\01. Work\00. TL_MT Expressway\04. Package 8,9,10,11,12\00. Nau thuc Hien\07. Bau Giai 1 Bridge\Drainage-Lighting-Median strip.dwg,Camau,1/4/2002 9:58:33 PM,Admin,HP LaserJet 5100 PCL 6,A3,1:1,
D:\01. MR BROWN\01. Work\00. TL_MT Expressway\04. Package 8,9,10,11,12\00. Nau thuc Hien\07. Bau Giai 1 Bridge\Drainage-Lighting-Median strip.dwg,Camau,1/4/2002 9:58:46 PM,Admin,HP LaserJet 5100 PCL 6,A3,1:1,
D:\01. MR BROWN\01. Work\00. TL_MT Expressway\04. Package 8,9,10,11,12\00. Nau thuc Hien\07. Bau Giai 1 Bridge\Earthwork Slope Protection of Abut _ BG.dwg,Layout1,1/4/2002 9:59:23 PM,Admin,HP LaserJet 5100 PCL 6,A3,1:1,
D:\01. MR BROWN\01. Work\00. TL_MT Expressway\04. Package 8,9,10,11,12\00. Nau thuc Hien\07. Bau Giai 1 Bridge\Earthwork Slope Protection of Abut _ BG.dwg,Layout1,1/4/2002 9:59:37 PM,Admin,HP LaserJet 5100 PCL 6,A3,1:1,
D:\01. MR BROWN\01. Work\00. TL_MT Expressway\04. Package 8,9,10,11,12\00. Nau thuc Hien\07. Bau Giai 1 Bridge\Signal of waterway 1.dwg,Layout1,1/4/2002 10:00:11 PM,Admin,HP LaserJet 5100 PCL 6,A3,1:1,
D:\01. MR BROWN\01. Work\00. TL_MT Expressway\04. Package 8,9,10,11,12\00. Nau thuc Hien\07. Bau Giai 1 Bridge\Signal of waterway 2.dwg,BTC1-2,1/4/2002 10:00:36 PM,Admin,HP LaserJet 5100 PCL 6,A3,1:1,
D:\01. MR BROWN\01. Work\00. TL_MT Expressway\04. Package 8,9,10,11,12\00. Nau thuc Hien\08. Rach Son Bridge\Expansion Joint 5cm_70.dwg,My Duc Tay,1/4/2002 10:01:35 PM,Admin,HP LaserJet 5100 PCL 6,A3,1:1,
D:\01. MR BROWN\01. Work\00. TL_MT Expressway\04. Package 8,9,10,11,12\00. Nau thuc Hien\08. Rach Son Bridge\Transition Slab_70.dwg,RACH SON,1/4/2002 10:03:35 PM,Admin,HP LaserJet 5100 PCL 6,A3,1:1,
D:\01. MR BROWN\01. Work\00. TL_MT Expressway\04. Package 8,9,10,11,12\00. Nau thuc Hien\08. Rach Son Bridge\Detail of Parapet.dwg,Binh Phu 1,1/4/2002 10:04:01 PM,Admin,HP LaserJet 5100 PCL 6,A3,1:1,
D:\01. MR BROWN\01. Work\00. TL_MT Expressway\04. Package 8,9,10,11,12\00. Nau thuc Hien\08. Rach Son Bridge\Drainage-Lighting-Median strip.dwg,Camau,1/4/2002 10:04:51 PM,Admin,HP LaserJet 5100 PCL 6,A3,1:1,
D:\01. MR BROWN\01. Work\00. TL_MT Expressway\04. Package 8,9,10,11,12\00. Nau thuc Hien\08. Rach Son Bridge\Drainage-Lighting-Median strip.dwg,Camau,1/4/2002 10:05:13 PM,Admin,HP LaserJet 5100 PCL 6,A3,1:1,
D:\01. MR BROWN\01. Work\00. TL_MT Expressway\04. Package 8,9,10,11,12\00. Nau thuc Hien\08. Rach Son Bridge\Drainage-Lighting-Median strip.dwg,Camau,1/4/2002 10:05:25 PM,Admin,HP LaserJet 5100 PCL 6,A3,1:1,
D:\01. MR BROWN\01. Work\00. TL_MT Expressway\04. Package 8,9,10,11,12\00. Nau thuc Hien\08. Rach Son Bridge\Earthwork Slope Protection of Abut _ RS.dwg,Layout1,1/4/2002 10:10:49 PM,Admin,HP LaserJet 5100 PCL 6,A3,1:1,
D:\01. MR BROWN\01. Work\00. TL_MT Expressway\04. Package 8,9,10,11,12\00. Nau thuc Hien\08. Rach Son Bridge\Earthwork Slope Protection of Abut _ RS.dwg,Layout1,1/4/2002 10:11:22 PM,Admin,HP LaserJet 5100 PCL 6,A3,1:1,
D:\01. MR BROWN\01. Work\00. TL_MT Expressway\04. Package 8,9,10,11,12\00. Nau thuc Hien\08. Rach Son Bridge\Earthwork Slope Protection of Abut _ RS.dwg,Layout1,1/4/2002 10:11:36 PM,Admin,HP LaserJet 5100 PCL 6,A3,1:1,
D:\01. MR BROWN\01. Work\00. TL_MT Expressway\04. Package 8,9,10,11,12\00. Nau thuc Hien\09. Rach Giong Bridge\Expansion Joint 5cm.dwg,Ba Nam,1/4/2002 10:12:07 PM,Admin,HP LaserJet 5100 PCL 6,A3,1:1,
D:\01. MR BROWN\01. Work\00. TL_MT Expressway\04. Package 8,9,10,11,12\00. Nau thuc Hien\09. Rach Giong Bridge\Transition Slab_90.dwg,Ba Nam,1/4/2002 10:12:29 PM,Admin,HP LaserJet 5100 PCL 6,A3,1:1,
D:\01. MR BROWN\01. Work\00. TL_MT Expressway\04. Package 8,9,10,11,12\00. Nau thuc Hien\09. Rach Giong Bridge\Detail of Parapet.dwg,Binh Phu 1,1/4/2002 10:12:49 PM,Admin,HP LaserJet 5100 PCL 6,A3,1:1,
D:\01. MR BROWN\01. Work\00. TL_MT Expressway\04. Package 8,9,10,11,12\00. Nau thuc Hien\09. Rach Giong Bridge\Drainage-Lighting-Median strip.dwg,Camau,1/4/2002 10:13:24 PM,Admin,HP LaserJet 5100 PCL 6,A3,1:1,
D:\01. MR BROWN\01. Work\00. TL_MT Expressway\04. Package 8,9,10,11,12\00. Nau thuc Hien\09. Rach Giong Bridge\Drainage-Lighting-Median strip.dwg,Camau,1/4/2002 10:13:38 PM,Admin,HP LaserJet 5100 PCL 6,A3,1:1,
D:\01. MR BROWN\01. Work\00. TL_MT Expressway\04. Package 8,9,10,11,12\00. Nau thuc Hien\09. Rach Giong Bridge\Drainage-Lighting-Median strip.dwg,Camau,1/4/2002 10:13:54 PM,Admin,HP LaserJet 5100 PCL 6,A3,1:1,
D:\01. MR BROWN\01. Work\00. TL_MT Expressway\04. Package 8,9,10,11,12\00. Nau thuc Hien\09. Rach Giong Bridge\Earthwork Slope Protection of Abut _ RG.dwg,Layout1,1/4/2002 10:14:46 PM,Admin,HP LaserJet 5100 PCL 6,A3,1:1,
D:\01. MR BROWN\01. Work\00. TL_MT Expressway\04. Package 8,9,10,11,12\00. Nau thuc Hien\09. Rach Giong Bridge\Earthwork Slope Protection of Abut _ RG.dwg,Layout1,1/4/2002 10:15:00 PM,Admin,HP LaserJet 5100 PCL 6,A3,1:1,
D:\01. MR BROWN\01. Work\96. Linh tinh\MCN 050511\MCN_kien giang.dwg,Layout1,1/12/2002 3:06:37 AM,Admin,HP LaserJet 5100 PCL 6,A3,1:1,
D:\Tuan anh\Project\15-Tien Giang province\Cao toc trung luong my thuan\04 - Package 8,9,10,11,12\1 - Mainbridge\02. My Thien Bridge\Plan of My Thien.dwg,Layout1,9/5/2011 9:40:17 AM,Le Tuan Anh,mayinphong2,A3,1:1,
D:\Tuan anh\Project\ 0 - Kien Giang\Cau trung tam\BINH DO PA1.dwg,Model,13/5/2011 9:00:18 AM,Le Tuan Anh,may in phong 1,A3,1:1.60456,
D:\Tuan anh\Project\ 0 - Kien Giang\Cau trung tam\bao cao\BTC cau.dwg,PA2-1,13/5/2011 11:09:21 AM,Le Tuan Anh,HP Designjet T1100ps 44in HPGL2.pc3,Custom2 (landscape),1:1,
D:\Tuan anh\Project\ 0 - Kien Giang\Cau trung tam\bao cao\BTC cau.dwg,PA1-1,13/5/2011 11:09:45 AM,Le Tuan Anh,HP Designjet T1100ps 44in HPGL2.pc3,Custom2 (landscape),1:1,
D:\Tuan anh\Project\ 0 - Kien Giang\Cau trung tam\bao cao\BTC cau.dwg,PA1-2,13/5/2011 11:10:11 AM,Le Tuan Anh,mayinphong2,A3,1:1,
D:\Tuan anh\Project\ 0 - Kien Giang\Cau trung tam\bao cao\BTC cau.dwg,PA1-2,13/5/2011 11:10:25 AM,Le Tuan Anh,may in phong 1,A3,1:1,
D:\Tuan anh\Project\ 0 - Kien Giang\Cau trung tam\bao cao\BTC cau.dwg,PA1-2,13/5/2011 11:10:39 AM,Le Tuan Anh,may in phong 1,A3,1:1,
D:\Tuan anh\Project\ 0 - Kien Giang\Cau trung tam\bao cao\BTC cau.dwg,PA2-2,13/5/2011 11:10:51 AM,Le Tuan Anh,may in phong 1,A3,1:1,
D:\Tuan anh\Project\ 0 - Kien Giang\Cau trung tam\bao cao\BTC cau BAO CAO.dwg,PA1-1,13/5/2011 2:05:10 PM,Le Tuan Anh,HP Designjet T1100ps 44in HPGL2.pc3,Custom3,1:1,
D:\Tuan anh\Project\ 0 - Kien Giang\Cau trung tam\bao cao\BTC cau BAO CAO.dwg,PA1-1,13/5/2011 2:18:04 PM,Le Tuan Anh,HP Designjet T1100ps 44in HPGL2.pc3,Custom3,1:1,
D:\Tuan anh\Project\ 0 - Kien Giang\Cau trung tam\bao cao\BTC cau BAO CAO.dwg,PA1-1,13/5/2011 3:07:15 PM,Le Tuan Anh,HP Designjet T1100ps 44in HPGL2.pc3,Custom3,1:1,
